{"D:\\deci 5\\Full-Stack E-Commerce Platform\\backend\\src\\app.js": {"path":"D:\\deci 5\\Full-Stack E-Commerce Platform\\backend\\src\\app.js","statementMap":{"0":{"start":{"line":11,"column":12},"end":{"line":11,"column":21}},"1":{"start":{"line":13,"column":0},"end":{"line":13,"column":16}},"2":{"start":{"line":14,"column":0},"end":{"line":14,"column":24}},"3":{"start":{"line":17,"column":0},"end":{"line":22,"column":1}},"4":{"start":{"line":18,"column":2},"end":{"line":21,"column":5}},"5":{"start":{"line":19,"column":4},"end":{"line":19,"column":30}},"6":{"start":{"line":20,"column":4},"end":{"line":20,"column":11}},"7":{"start":{"line":24,"column":0},"end":{"line":28,"column":3}},"8":{"start":{"line":25,"column":2},"end":{"line":27,"column":5}},"9":{"start":{"line":30,"column":0},"end":{"line":36,"column":3}},"10":{"start":{"line":31,"column":2},"end":{"line":35,"column":5}},"11":{"start":{"line":38,"column":0},"end":{"line":38,"column":33}},"12":{"start":{"line":39,"column":0},"end":{"line":39,"column":43}},"13":{"start":{"line":40,"column":0},"end":{"line":40,"column":40}},"14":{"start":{"line":41,"column":0},"end":{"line":41,"column":36}}},"fnMap":{"0":{"name":"(anonymous_0)","decl":{"start":{"line":18,"column":10},"end":{"line":18,"column":11}},"loc":{"start":{"line":18,"column":30},"end":{"line":21,"column":3}},"line":18},"1":{"name":"(anonymous_1)","decl":{"start":{"line":24,"column":13},"end":{"line":24,"column":14}},"loc":{"start":{"line":24,"column":27},"end":{"line":28,"column":1}},"line":24},"2":{"name":"(anonymous_2)","decl":{"start":{"line":30,"column":19},"end":{"line":30,"column":20}},"loc":{"start":{"line":30,"column":39},"end":{"line":36,"column":1}},"line":30}},"branchMap":{"0":{"loc":{"start":{"line":17,"column":0},"end":{"line":22,"column":1}},"type":"if","locations":[{"start":{"line":17,"column":0},"end":{"line":22,"column":1}},{"start":{},"end":{}}],"line":17}},"s":{"0":4,"1":4,"2":4,"3":4,"4":4,"5":55,"6":55,"7":4,"8":0,"9":4,"10":0,"11":4,"12":4,"13":4,"14":4},"f":{"0":55,"1":0,"2":0},"b":{"0":[4,0]},"inputSourceMap":null,"_coverageSchema":"1a1c01bbd47fc00a2c39e90264f33305004495a9","hash":"3ee7b36e82d024c1b07586ef2735c182817d2ef6"}
,"D:\\deci 5\\Full-Stack E-Commerce Platform\\backend\\src\\config\\prisma.js": {"path":"D:\\deci 5\\Full-Stack E-Commerce Platform\\backend\\src\\config\\prisma.js","statementMap":{"0":{"start":{"line":5,"column":16},"end":{"line":7,"column":2}},"1":{"start":{"line":9,"column":15},"end":{"line":11,"column":2}}},"fnMap":{},"branchMap":{},"s":{"0":8,"1":8},"f":{},"b":{},"inputSourceMap":null,"_coverageSchema":"1a1c01bbd47fc00a2c39e90264f33305004495a9","hash":"06c2b9a7fb380abd4deae5afe33de5b7ea3daa11"}
,"D:\\deci 5\\Full-Stack E-Commerce Platform\\backend\\src\\config\\test-prisma.js": {"path":"D:\\deci 5\\Full-Stack E-Commerce Platform\\backend\\src\\config\\test-prisma.js","statementMap":{"0":{"start":{"line":5,"column":16},"end":{"line":7,"column":2}},"1":{"start":{"line":9,"column":19},"end":{"line":11,"column":2}}},"fnMap":{},"branchMap":{},"s":{"0":10,"1":10},"f":{},"b":{},"inputSourceMap":null,"_coverageSchema":"1a1c01bbd47fc00a2c39e90264f33305004495a9","hash":"a2e704dc4f502d15bc87e1a266a4364f3c539e45"}
,"D:\\deci 5\\Full-Stack E-Commerce Platform\\backend\\src\\controllers\\auth.controller.js": {"path":"D:\\deci 5\\Full-Stack E-Commerce Platform\\backend\\src\\controllers\\auth.controller.js","statementMap":{"0":{"start":{"line":3,"column":24},"end":{"line":27,"column":1}},"1":{"start":{"line":4,"column":2},"end":{"line":26,"column":3}},"2":{"start":{"line":5,"column":38},"end":{"line":5,"column":46}},"3":{"start":{"line":7,"column":17},"end":{"line":14,"column":5}},"4":{"start":{"line":16,"column":4},"end":{"line":19,"column":7}},"5":{"start":{"line":21,"column":4},"end":{"line":21,"column":56}},"6":{"start":{"line":23,"column":4},"end":{"line":25,"column":7}},"7":{"start":{"line":29,"column":21},"end":{"line":52,"column":1}},"8":{"start":{"line":30,"column":2},"end":{"line":51,"column":3}},"9":{"start":{"line":31,"column":32},"end":{"line":31,"column":40}},"10":{"start":{"line":33,"column":19},"end":{"line":39,"column":5}},"11":{"start":{"line":41,"column":4},"end":{"line":44,"column":7}},"12":{"start":{"line":46,"column":4},"end":{"line":46,"column":49}},"13":{"start":{"line":48,"column":4},"end":{"line":50,"column":7}},"14":{"start":{"line":54,"column":21},"end":{"line":75,"column":1}},"15":{"start":{"line":55,"column":2},"end":{"line":74,"column":3}},"16":{"start":{"line":56,"column":17},"end":{"line":59,"column":5}},"17":{"start":{"line":61,"column":4},"end":{"line":63,"column":7}},"18":{"start":{"line":65,"column":4},"end":{"line":68,"column":6}},"19":{"start":{"line":70,"column":4},"end":{"line":73,"column":7}},"20":{"start":{"line":77,"column":24},"end":{"line":100,"column":1}},"21":{"start":{"line":78,"column":2},"end":{"line":99,"column":3}},"22":{"start":{"line":79,"column":17},"end":{"line":83,"column":5}},"23":{"start":{"line":85,"column":4},"end":{"line":88,"column":7}},"24":{"start":{"line":90,"column":4},"end":{"line":93,"column":6}},"25":{"start":{"line":95,"column":4},"end":{"line":98,"column":7}}},"fnMap":{"0":{"name":"(anonymous_0)","decl":{"start":{"line":3,"column":24},"end":{"line":3,"column":25}},"loc":{"start":{"line":3,"column":44},"end":{"line":27,"column":1}},"line":3},"1":{"name":"(anonymous_1)","decl":{"start":{"line":29,"column":21},"end":{"line":29,"column":22}},"loc":{"start":{"line":29,"column":41},"end":{"line":52,"column":1}},"line":29},"2":{"name":"(anonymous_2)","decl":{"start":{"line":54,"column":21},"end":{"line":54,"column":22}},"loc":{"start":{"line":54,"column":41},"end":{"line":75,"column":1}},"line":54},"3":{"name":"(anonymous_3)","decl":{"start":{"line":77,"column":24},"end":{"line":77,"column":25}},"loc":{"start":{"line":77,"column":44},"end":{"line":100,"column":1}},"line":77}},"branchMap":{"0":{"loc":{"start":{"line":23,"column":15},"end":{"line":23,"column":38}},"type":"binary-expr","locations":[{"start":{"line":23,"column":15},"end":{"line":23,"column":31}},{"start":{"line":23,"column":35},"end":{"line":23,"column":38}}],"line":23},"1":{"loc":{"start":{"line":24,"column":15},"end":{"line":24,"column":53}},"type":"binary-expr","locations":[{"start":{"line":24,"column":15},"end":{"line":24,"column":28}},{"start":{"line":24,"column":32},"end":{"line":24,"column":53}}],"line":24},"2":{"loc":{"start":{"line":48,"column":15},"end":{"line":48,"column":38}},"type":"binary-expr","locations":[{"start":{"line":48,"column":15},"end":{"line":48,"column":31}},{"start":{"line":48,"column":35},"end":{"line":48,"column":38}}],"line":48},"3":{"loc":{"start":{"line":49,"column":15},"end":{"line":49,"column":46}},"type":"binary-expr","locations":[{"start":{"line":49,"column":15},"end":{"line":49,"column":28}},{"start":{"line":49,"column":32},"end":{"line":49,"column":46}}],"line":49},"4":{"loc":{"start":{"line":70,"column":15},"end":{"line":70,"column":38}},"type":"binary-expr","locations":[{"start":{"line":70,"column":15},"end":{"line":70,"column":31}},{"start":{"line":70,"column":35},"end":{"line":70,"column":38}}],"line":70},"5":{"loc":{"start":{"line":72,"column":8},"end":{"line":72,"column":53}},"type":"binary-expr","locations":[{"start":{"line":72,"column":8},"end":{"line":72,"column":21}},{"start":{"line":72,"column":25},"end":{"line":72,"column":53}}],"line":72},"6":{"loc":{"start":{"line":95,"column":15},"end":{"line":95,"column":38}},"type":"binary-expr","locations":[{"start":{"line":95,"column":15},"end":{"line":95,"column":31}},{"start":{"line":95,"column":35},"end":{"line":95,"column":38}}],"line":95},"7":{"loc":{"start":{"line":97,"column":8},"end":{"line":97,"column":51}},"type":"binary-expr","locations":[{"start":{"line":97,"column":8},"end":{"line":97,"column":21}},{"start":{"line":97,"column":25},"end":{"line":97,"column":51}}],"line":97}},"s":{"0":4,"1":2,"2":2,"3":2,"4":1,"5":1,"6":1,"7":4,"8":9,"9":9,"10":9,"11":7,"12":2,"13":2,"14":4,"15":1,"16":1,"17":1,"18":0,"19":0,"20":4,"21":0,"22":0,"23":0,"24":0,"25":0},"f":{"0":2,"1":9,"2":1,"3":0},"b":{"0":[1,0],"1":[1,0],"2":[2,0],"3":[2,0],"4":[0,0],"5":[0,0],"6":[0,0],"7":[0,0]},"inputSourceMap":null,"_coverageSchema":"1a1c01bbd47fc00a2c39e90264f33305004495a9","hash":"c73d68d318558fa21d32ffa8ce3e58231899b23e"}
,"D:\\deci 5\\Full-Stack E-Commerce Platform\\backend\\src\\controllers\\category.controller.js": {"path":"D:\\deci 5\\Full-Stack E-Commerce Platform\\backend\\src\\controllers\\category.controller.js","statementMap":{"0":{"start":{"line":3,"column":29},"end":{"line":19,"column":1}},"1":{"start":{"line":4,"column":2},"end":{"line":18,"column":3}},"2":{"start":{"line":5,"column":23},"end":{"line":7,"column":5}},"3":{"start":{"line":9,"column":4},"end":{"line":11,"column":7}},"4":{"start":{"line":13,"column":4},"end":{"line":13,"column":58}},"5":{"start":{"line":15,"column":4},"end":{"line":17,"column":7}},"6":{"start":{"line":21,"column":27},"end":{"line":38,"column":1}},"7":{"start":{"line":22,"column":2},"end":{"line":37,"column":3}},"8":{"start":{"line":23,"column":21},"end":{"line":26,"column":5}},"9":{"start":{"line":28,"column":4},"end":{"line":30,"column":7}},"10":{"start":{"line":32,"column":4},"end":{"line":32,"column":56}},"11":{"start":{"line":34,"column":4},"end":{"line":36,"column":7}},"12":{"start":{"line":40,"column":30},"end":{"line":58,"column":1}},"13":{"start":{"line":41,"column":2},"end":{"line":57,"column":3}},"14":{"start":{"line":42,"column":21},"end":{"line":45,"column":5}},"15":{"start":{"line":47,"column":4},"end":{"line":50,"column":7}},"16":{"start":{"line":52,"column":4},"end":{"line":52,"column":59}},"17":{"start":{"line":54,"column":4},"end":{"line":56,"column":7}},"18":{"start":{"line":60,"column":30},"end":{"line":79,"column":1}},"19":{"start":{"line":61,"column":2},"end":{"line":78,"column":3}},"20":{"start":{"line":62,"column":21},"end":{"line":66,"column":5}},"21":{"start":{"line":68,"column":4},"end":{"line":71,"column":7}},"22":{"start":{"line":73,"column":4},"end":{"line":73,"column":59}},"23":{"start":{"line":75,"column":4},"end":{"line":77,"column":7}},"24":{"start":{"line":81,"column":30},"end":{"line":96,"column":1}},"25":{"start":{"line":82,"column":2},"end":{"line":95,"column":3}},"26":{"start":{"line":83,"column":19},"end":{"line":86,"column":5}},"27":{"start":{"line":88,"column":4},"end":{"line":88,"column":33}},"28":{"start":{"line":90,"column":4},"end":{"line":90,"column":59}},"29":{"start":{"line":92,"column":4},"end":{"line":94,"column":7}}},"fnMap":{"0":{"name":"(anonymous_0)","decl":{"start":{"line":3,"column":29},"end":{"line":3,"column":30}},"loc":{"start":{"line":3,"column":49},"end":{"line":19,"column":1}},"line":3},"1":{"name":"(anonymous_1)","decl":{"start":{"line":21,"column":27},"end":{"line":21,"column":28}},"loc":{"start":{"line":21,"column":47},"end":{"line":38,"column":1}},"line":21},"2":{"name":"(anonymous_2)","decl":{"start":{"line":40,"column":30},"end":{"line":40,"column":31}},"loc":{"start":{"line":40,"column":50},"end":{"line":58,"column":1}},"line":40},"3":{"name":"(anonymous_3)","decl":{"start":{"line":60,"column":30},"end":{"line":60,"column":31}},"loc":{"start":{"line":60,"column":50},"end":{"line":79,"column":1}},"line":60},"4":{"name":"(anonymous_4)","decl":{"start":{"line":81,"column":30},"end":{"line":81,"column":31}},"loc":{"start":{"line":81,"column":50},"end":{"line":96,"column":1}},"line":81}},"branchMap":{"0":{"loc":{"start":{"line":15,"column":15},"end":{"line":15,"column":38}},"type":"binary-expr","locations":[{"start":{"line":15,"column":15},"end":{"line":15,"column":31}},{"start":{"line":15,"column":35},"end":{"line":15,"column":38}}],"line":15},"1":{"loc":{"start":{"line":16,"column":15},"end":{"line":16,"column":58}},"type":"binary-expr","locations":[{"start":{"line":16,"column":15},"end":{"line":16,"column":28}},{"start":{"line":16,"column":32},"end":{"line":16,"column":58}}],"line":16},"2":{"loc":{"start":{"line":34,"column":15},"end":{"line":34,"column":38}},"type":"binary-expr","locations":[{"start":{"line":34,"column":15},"end":{"line":34,"column":31}},{"start":{"line":34,"column":35},"end":{"line":34,"column":38}}],"line":34},"3":{"loc":{"start":{"line":35,"column":15},"end":{"line":35,"column":56}},"type":"binary-expr","locations":[{"start":{"line":35,"column":15},"end":{"line":35,"column":28}},{"start":{"line":35,"column":32},"end":{"line":35,"column":56}}],"line":35},"4":{"loc":{"start":{"line":54,"column":15},"end":{"line":54,"column":38}},"type":"binary-expr","locations":[{"start":{"line":54,"column":15},"end":{"line":54,"column":31}},{"start":{"line":54,"column":35},"end":{"line":54,"column":38}}],"line":54},"5":{"loc":{"start":{"line":55,"column":15},"end":{"line":55,"column":59}},"type":"binary-expr","locations":[{"start":{"line":55,"column":15},"end":{"line":55,"column":28}},{"start":{"line":55,"column":32},"end":{"line":55,"column":59}}],"line":55},"6":{"loc":{"start":{"line":75,"column":15},"end":{"line":75,"column":38}},"type":"binary-expr","locations":[{"start":{"line":75,"column":15},"end":{"line":75,"column":31}},{"start":{"line":75,"column":35},"end":{"line":75,"column":38}}],"line":75},"7":{"loc":{"start":{"line":76,"column":15},"end":{"line":76,"column":59}},"type":"binary-expr","locations":[{"start":{"line":76,"column":15},"end":{"line":76,"column":28}},{"start":{"line":76,"column":32},"end":{"line":76,"column":59}}],"line":76},"8":{"loc":{"start":{"line":92,"column":15},"end":{"line":92,"column":38}},"type":"binary-expr","locations":[{"start":{"line":92,"column":15},"end":{"line":92,"column":31}},{"start":{"line":92,"column":35},"end":{"line":92,"column":38}}],"line":92},"9":{"loc":{"start":{"line":93,"column":15},"end":{"line":93,"column":59}},"type":"binary-expr","locations":[{"start":{"line":93,"column":15},"end":{"line":93,"column":28}},{"start":{"line":93,"column":32},"end":{"line":93,"column":59}}],"line":93}},"s":{"0":4,"1":1,"2":1,"3":1,"4":0,"5":0,"6":4,"7":2,"8":2,"9":1,"10":1,"11":1,"12":4,"13":2,"14":2,"15":1,"16":1,"17":1,"18":4,"19":1,"20":1,"21":1,"22":0,"23":0,"24":4,"25":1,"26":1,"27":1,"28":0,"29":0},"f":{"0":1,"1":2,"2":2,"3":1,"4":1},"b":{"0":[0,0],"1":[0,0],"2":[1,0],"3":[1,0],"4":[1,0],"5":[1,0],"6":[0,0],"7":[0,0],"8":[0,0],"9":[0,0]},"inputSourceMap":null,"_coverageSchema":"1a1c01bbd47fc00a2c39e90264f33305004495a9","hash":"68edb475f1082e4b37649fe1a068a9f9cd1d013b"}
,"D:\\deci 5\\Full-Stack E-Commerce Platform\\backend\\src\\controllers\\order.controller.js": {"path":"D:\\deci 5\\Full-Stack E-Commerce Platform\\backend\\src\\controllers\\order.controller.js","statementMap":{"0":{"start":{"line":3,"column":25},"end":{"line":19,"column":1}},"1":{"start":{"line":4,"column":2},"end":{"line":18,"column":3}},"2":{"start":{"line":5,"column":19},"end":{"line":7,"column":5}},"3":{"start":{"line":9,"column":4},"end":{"line":11,"column":7}},"4":{"start":{"line":13,"column":4},"end":{"line":13,"column":54}},"5":{"start":{"line":15,"column":4},"end":{"line":17,"column":7}},"6":{"start":{"line":21,"column":24},"end":{"line":38,"column":1}},"7":{"start":{"line":22,"column":2},"end":{"line":37,"column":3}},"8":{"start":{"line":23,"column":18},"end":{"line":26,"column":5}},"9":{"start":{"line":28,"column":4},"end":{"line":30,"column":7}},"10":{"start":{"line":32,"column":4},"end":{"line":32,"column":53}},"11":{"start":{"line":34,"column":4},"end":{"line":36,"column":7}},"12":{"start":{"line":40,"column":27},"end":{"line":58,"column":1}},"13":{"start":{"line":41,"column":2},"end":{"line":57,"column":3}},"14":{"start":{"line":42,"column":18},"end":{"line":45,"column":5}},"15":{"start":{"line":47,"column":4},"end":{"line":50,"column":7}},"16":{"start":{"line":52,"column":4},"end":{"line":52,"column":56}},"17":{"start":{"line":54,"column":4},"end":{"line":56,"column":7}},"18":{"start":{"line":60,"column":33},"end":{"line":83,"column":1}},"19":{"start":{"line":61,"column":2},"end":{"line":82,"column":3}},"20":{"start":{"line":62,"column":18},"end":{"line":66,"column":5}},"21":{"start":{"line":68,"column":4},"end":{"line":71,"column":7}},"22":{"start":{"line":73,"column":4},"end":{"line":76,"column":6}},"23":{"start":{"line":78,"column":4},"end":{"line":81,"column":7}},"24":{"start":{"line":85,"column":27},"end":{"line":100,"column":1}},"25":{"start":{"line":86,"column":2},"end":{"line":99,"column":3}},"26":{"start":{"line":87,"column":19},"end":{"line":90,"column":5}},"27":{"start":{"line":92,"column":4},"end":{"line":92,"column":33}},"28":{"start":{"line":94,"column":4},"end":{"line":94,"column":56}},"29":{"start":{"line":96,"column":4},"end":{"line":98,"column":7}}},"fnMap":{"0":{"name":"(anonymous_0)","decl":{"start":{"line":3,"column":25},"end":{"line":3,"column":26}},"loc":{"start":{"line":3,"column":45},"end":{"line":19,"column":1}},"line":3},"1":{"name":"(anonymous_1)","decl":{"start":{"line":21,"column":24},"end":{"line":21,"column":25}},"loc":{"start":{"line":21,"column":44},"end":{"line":38,"column":1}},"line":21},"2":{"name":"(anonymous_2)","decl":{"start":{"line":40,"column":27},"end":{"line":40,"column":28}},"loc":{"start":{"line":40,"column":47},"end":{"line":58,"column":1}},"line":40},"3":{"name":"(anonymous_3)","decl":{"start":{"line":60,"column":33},"end":{"line":60,"column":34}},"loc":{"start":{"line":60,"column":53},"end":{"line":83,"column":1}},"line":60},"4":{"name":"(anonymous_4)","decl":{"start":{"line":85,"column":27},"end":{"line":85,"column":28}},"loc":{"start":{"line":85,"column":47},"end":{"line":100,"column":1}},"line":85}},"branchMap":{"0":{"loc":{"start":{"line":15,"column":15},"end":{"line":15,"column":38}},"type":"binary-expr","locations":[{"start":{"line":15,"column":15},"end":{"line":15,"column":31}},{"start":{"line":15,"column":35},"end":{"line":15,"column":38}}],"line":15},"1":{"loc":{"start":{"line":16,"column":15},"end":{"line":16,"column":54}},"type":"binary-expr","locations":[{"start":{"line":16,"column":15},"end":{"line":16,"column":28}},{"start":{"line":16,"column":32},"end":{"line":16,"column":54}}],"line":16},"2":{"loc":{"start":{"line":34,"column":15},"end":{"line":34,"column":38}},"type":"binary-expr","locations":[{"start":{"line":34,"column":15},"end":{"line":34,"column":31}},{"start":{"line":34,"column":35},"end":{"line":34,"column":38}}],"line":34},"3":{"loc":{"start":{"line":35,"column":15},"end":{"line":35,"column":53}},"type":"binary-expr","locations":[{"start":{"line":35,"column":15},"end":{"line":35,"column":28}},{"start":{"line":35,"column":32},"end":{"line":35,"column":53}}],"line":35},"4":{"loc":{"start":{"line":54,"column":15},"end":{"line":54,"column":38}},"type":"binary-expr","locations":[{"start":{"line":54,"column":15},"end":{"line":54,"column":31}},{"start":{"line":54,"column":35},"end":{"line":54,"column":38}}],"line":54},"5":{"loc":{"start":{"line":55,"column":15},"end":{"line":55,"column":56}},"type":"binary-expr","locations":[{"start":{"line":55,"column":15},"end":{"line":55,"column":28}},{"start":{"line":55,"column":32},"end":{"line":55,"column":56}}],"line":55},"6":{"loc":{"start":{"line":78,"column":15},"end":{"line":78,"column":38}},"type":"binary-expr","locations":[{"start":{"line":78,"column":15},"end":{"line":78,"column":31}},{"start":{"line":78,"column":35},"end":{"line":78,"column":38}}],"line":78},"7":{"loc":{"start":{"line":80,"column":8},"end":{"line":80,"column":56}},"type":"binary-expr","locations":[{"start":{"line":80,"column":8},"end":{"line":80,"column":21}},{"start":{"line":80,"column":25},"end":{"line":80,"column":56}}],"line":80},"8":{"loc":{"start":{"line":96,"column":15},"end":{"line":96,"column":38}},"type":"binary-expr","locations":[{"start":{"line":96,"column":15},"end":{"line":96,"column":31}},{"start":{"line":96,"column":35},"end":{"line":96,"column":38}}],"line":96},"9":{"loc":{"start":{"line":97,"column":15},"end":{"line":97,"column":56}},"type":"binary-expr","locations":[{"start":{"line":97,"column":15},"end":{"line":97,"column":28}},{"start":{"line":97,"column":32},"end":{"line":97,"column":56}}],"line":97}},"s":{"0":4,"1":1,"2":1,"3":1,"4":0,"5":0,"6":4,"7":3,"8":3,"9":1,"10":2,"11":2,"12":4,"13":4,"14":4,"15":1,"16":3,"17":3,"18":4,"19":1,"20":1,"21":1,"22":0,"23":0,"24":4,"25":1,"26":1,"27":1,"28":0,"29":0},"f":{"0":1,"1":3,"2":4,"3":1,"4":1},"b":{"0":[0,0],"1":[0,0],"2":[2,0],"3":[2,0],"4":[3,0],"5":[3,0],"6":[0,0],"7":[0,0],"8":[0,0],"9":[0,0]},"inputSourceMap":null,"_coverageSchema":"1a1c01bbd47fc00a2c39e90264f33305004495a9","hash":"6b2fa6e734390c70576b4df0b2ea95673ba00d1b"}
,"D:\\deci 5\\Full-Stack E-Commerce Platform\\backend\\src\\controllers\\product.controller.js": {"path":"D:\\deci 5\\Full-Stack E-Commerce Platform\\backend\\src\\controllers\\product.controller.js","statementMap":{"0":{"start":{"line":3,"column":27},"end":{"line":40,"column":1}},"1":{"start":{"line":4,"column":2},"end":{"line":39,"column":3}},"2":{"start":{"line":12,"column":8},"end":{"line":12,"column":17}},"3":{"start":{"line":15,"column":6},"end":{"line":25,"column":7}},"4":{"start":{"line":27,"column":4},"end":{"line":27,"column":33}},"5":{"start":{"line":29,"column":4},"end":{"line":32,"column":6}},"6":{"start":{"line":34,"column":4},"end":{"line":38,"column":7}},"7":{"start":{"line":42,"column":26},"end":{"line":65,"column":1}},"8":{"start":{"line":43,"column":2},"end":{"line":64,"column":3}},"9":{"start":{"line":45,"column":6},"end":{"line":48,"column":7}},"10":{"start":{"line":50,"column":4},"end":{"line":52,"column":7}},"11":{"start":{"line":54,"column":4},"end":{"line":57,"column":6}},"12":{"start":{"line":59,"column":4},"end":{"line":63,"column":7}},"13":{"start":{"line":67,"column":29},"end":{"line":91,"column":1}},"14":{"start":{"line":68,"column":2},"end":{"line":90,"column":3}},"15":{"start":{"line":70,"column":6},"end":{"line":73,"column":7}},"16":{"start":{"line":75,"column":4},"end":{"line":78,"column":7}},"17":{"start":{"line":80,"column":4},"end":{"line":83,"column":6}},"18":{"start":{"line":85,"column":4},"end":{"line":89,"column":7}},"19":{"start":{"line":93,"column":29},"end":{"line":118,"column":1}},"20":{"start":{"line":94,"column":2},"end":{"line":117,"column":3}},"21":{"start":{"line":96,"column":6},"end":{"line":100,"column":7}},"22":{"start":{"line":102,"column":4},"end":{"line":105,"column":7}},"23":{"start":{"line":107,"column":4},"end":{"line":110,"column":6}},"24":{"start":{"line":112,"column":4},"end":{"line":116,"column":7}},"25":{"start":{"line":120,"column":29},"end":{"line":141,"column":1}},"26":{"start":{"line":121,"column":2},"end":{"line":140,"column":3}},"27":{"start":{"line":123,"column":6},"end":{"line":126,"column":7}},"28":{"start":{"line":128,"column":4},"end":{"line":128,"column":33}},"29":{"start":{"line":130,"column":4},"end":{"line":133,"column":6}},"30":{"start":{"line":135,"column":4},"end":{"line":139,"column":7}}},"fnMap":{"0":{"name":"(anonymous_0)","decl":{"start":{"line":3,"column":27},"end":{"line":3,"column":28}},"loc":{"start":{"line":3,"column":47},"end":{"line":40,"column":1}},"line":3},"1":{"name":"(anonymous_1)","decl":{"start":{"line":42,"column":26},"end":{"line":42,"column":27}},"loc":{"start":{"line":42,"column":46},"end":{"line":65,"column":1}},"line":42},"2":{"name":"(anonymous_2)","decl":{"start":{"line":67,"column":29},"end":{"line":67,"column":30}},"loc":{"start":{"line":67,"column":49},"end":{"line":91,"column":1}},"line":67},"3":{"name":"(anonymous_3)","decl":{"start":{"line":93,"column":29},"end":{"line":93,"column":30}},"loc":{"start":{"line":93,"column":49},"end":{"line":118,"column":1}},"line":93},"4":{"name":"(anonymous_4)","decl":{"start":{"line":120,"column":29},"end":{"line":120,"column":30}},"loc":{"start":{"line":120,"column":49},"end":{"line":141,"column":1}},"line":120}},"branchMap":{"0":{"loc":{"start":{"line":34,"column":15},"end":{"line":34,"column":38}},"type":"binary-expr","locations":[{"start":{"line":34,"column":15},"end":{"line":34,"column":31}},{"start":{"line":34,"column":35},"end":{"line":34,"column":38}}],"line":34},"1":{"loc":{"start":{"line":36,"column":8},"end":{"line":37,"column":32}},"type":"binary-expr","locations":[{"start":{"line":36,"column":8},"end":{"line":36,"column":21}},{"start":{"line":37,"column":8},"end":{"line":37,"column":32}}],"line":36},"2":{"loc":{"start":{"line":59,"column":15},"end":{"line":59,"column":38}},"type":"binary-expr","locations":[{"start":{"line":59,"column":15},"end":{"line":59,"column":31}},{"start":{"line":59,"column":35},"end":{"line":59,"column":38}}],"line":59},"3":{"loc":{"start":{"line":61,"column":8},"end":{"line":62,"column":31}},"type":"binary-expr","locations":[{"start":{"line":61,"column":8},"end":{"line":61,"column":21}},{"start":{"line":62,"column":8},"end":{"line":62,"column":31}}],"line":61},"4":{"loc":{"start":{"line":85,"column":15},"end":{"line":85,"column":38}},"type":"binary-expr","locations":[{"start":{"line":85,"column":15},"end":{"line":85,"column":31}},{"start":{"line":85,"column":35},"end":{"line":85,"column":38}}],"line":85},"5":{"loc":{"start":{"line":87,"column":8},"end":{"line":88,"column":34}},"type":"binary-expr","locations":[{"start":{"line":87,"column":8},"end":{"line":87,"column":21}},{"start":{"line":88,"column":8},"end":{"line":88,"column":34}}],"line":87},"6":{"loc":{"start":{"line":112,"column":15},"end":{"line":112,"column":38}},"type":"binary-expr","locations":[{"start":{"line":112,"column":15},"end":{"line":112,"column":31}},{"start":{"line":112,"column":35},"end":{"line":112,"column":38}}],"line":112},"7":{"loc":{"start":{"line":114,"column":8},"end":{"line":115,"column":34}},"type":"binary-expr","locations":[{"start":{"line":114,"column":8},"end":{"line":114,"column":21}},{"start":{"line":115,"column":8},"end":{"line":115,"column":34}}],"line":114},"8":{"loc":{"start":{"line":135,"column":15},"end":{"line":135,"column":38}},"type":"binary-expr","locations":[{"start":{"line":135,"column":15},"end":{"line":135,"column":31}},{"start":{"line":135,"column":35},"end":{"line":135,"column":38}}],"line":135},"9":{"loc":{"start":{"line":137,"column":8},"end":{"line":138,"column":34}},"type":"binary-expr","locations":[{"start":{"line":137,"column":8},"end":{"line":137,"column":21}},{"start":{"line":138,"column":8},"end":{"line":138,"column":34}}],"line":137}},"s":{"0":4,"1":1,"2":1,"3":1,"4":1,"5":0,"6":0,"7":4,"8":2,"9":2,"10":1,"11":1,"12":1,"13":4,"14":3,"15":3,"16":1,"17":2,"18":2,"19":4,"20":1,"21":1,"22":1,"23":0,"24":0,"25":4,"26":1,"27":1,"28":1,"29":0,"30":0},"f":{"0":1,"1":2,"2":3,"3":1,"4":1},"b":{"0":[0,0],"1":[0,0],"2":[1,0],"3":[1,0],"4":[2,0],"5":[2,0],"6":[0,0],"7":[0,0],"8":[0,0],"9":[0,0]},"inputSourceMap":null,"_coverageSchema":"1a1c01bbd47fc00a2c39e90264f33305004495a9","hash":"a06a6498ed1c6ef566d0a56b97e58033c9488790"}
,"D:\\deci 5\\Full-Stack E-Commerce Platform\\backend\\src\\middlewares\\auth.middleware.js": {"path":"D:\\deci 5\\Full-Stack E-Commerce Platform\\backend\\src\\middlewares\\auth.middleware.js","statementMap":{"0":{"start":{"line":3,"column":21},"end":{"line":59,"column":1}},"1":{"start":{"line":4,"column":2},"end":{"line":58,"column":3}},"2":{"start":{"line":5,"column":23},"end":{"line":5,"column":48}},"3":{"start":{"line":7,"column":4},"end":{"line":11,"column":5}},"4":{"start":{"line":8,"column":6},"end":{"line":10,"column":9}},"5":{"start":{"line":13,"column":28},"end":{"line":13,"column":49}},"6":{"start":{"line":15,"column":4},"end":{"line":19,"column":5}},"7":{"start":{"line":16,"column":6},"end":{"line":18,"column":9}},"8":{"start":{"line":21,"column":4},"end":{"line":27,"column":5}},"9":{"start":{"line":22,"column":6},"end":{"line":22,"column":52}},"10":{"start":{"line":24,"column":6},"end":{"line":26,"column":9}},"11":{"start":{"line":29,"column":20},"end":{"line":32,"column":5}},"12":{"start":{"line":34,"column":4},"end":{"line":34,"column":23}},"13":{"start":{"line":36,"column":4},"end":{"line":36,"column":11}},"14":{"start":{"line":38,"column":4},"end":{"line":42,"column":5}},"15":{"start":{"line":39,"column":6},"end":{"line":41,"column":9}},"16":{"start":{"line":44,"column":4},"end":{"line":48,"column":5}},"17":{"start":{"line":45,"column":6},"end":{"line":47,"column":9}},"18":{"start":{"line":50,"column":4},"end":{"line":53,"column":6}},"19":{"start":{"line":55,"column":4},"end":{"line":57,"column":7}},"20":{"start":{"line":61,"column":27},"end":{"line":77,"column":1}},"21":{"start":{"line":62,"column":2},"end":{"line":76,"column":4}},"22":{"start":{"line":63,"column":4},"end":{"line":67,"column":5}},"23":{"start":{"line":64,"column":6},"end":{"line":66,"column":9}},"24":{"start":{"line":69,"column":4},"end":{"line":73,"column":5}},"25":{"start":{"line":70,"column":6},"end":{"line":72,"column":9}},"26":{"start":{"line":75,"column":4},"end":{"line":75,"column":11}}},"fnMap":{"0":{"name":"(anonymous_0)","decl":{"start":{"line":3,"column":21},"end":{"line":3,"column":22}},"loc":{"start":{"line":3,"column":41},"end":{"line":59,"column":1}},"line":3},"1":{"name":"(anonymous_1)","decl":{"start":{"line":61,"column":27},"end":{"line":61,"column":28}},"loc":{"start":{"line":61,"column":48},"end":{"line":77,"column":1}},"line":61},"2":{"name":"(anonymous_2)","decl":{"start":{"line":62,"column":9},"end":{"line":62,"column":10}},"loc":{"start":{"line":62,"column":29},"end":{"line":76,"column":3}},"line":62}},"branchMap":{"0":{"loc":{"start":{"line":7,"column":4},"end":{"line":11,"column":5}},"type":"if","locations":[{"start":{"line":7,"column":4},"end":{"line":11,"column":5}},{"start":{},"end":{}}],"line":7},"1":{"loc":{"start":{"line":15,"column":4},"end":{"line":19,"column":5}},"type":"if","locations":[{"start":{"line":15,"column":4},"end":{"line":19,"column":5}},{"start":{},"end":{}}],"line":15},"2":{"loc":{"start":{"line":15,"column":8},"end":{"line":15,"column":37}},"type":"binary-expr","locations":[{"start":{"line":15,"column":8},"end":{"line":15,"column":27}},{"start":{"line":15,"column":31},"end":{"line":15,"column":37}}],"line":15},"3":{"loc":{"start":{"line":21,"column":4},"end":{"line":27,"column":5}},"type":"if","locations":[{"start":{"line":21,"column":4},"end":{"line":27,"column":5}},{"start":{},"end":{}}],"line":21},"4":{"loc":{"start":{"line":38,"column":4},"end":{"line":42,"column":5}},"type":"if","locations":[{"start":{"line":38,"column":4},"end":{"line":42,"column":5}},{"start":{},"end":{}}],"line":38},"5":{"loc":{"start":{"line":44,"column":4},"end":{"line":48,"column":5}},"type":"if","locations":[{"start":{"line":44,"column":4},"end":{"line":48,"column":5}},{"start":{},"end":{}}],"line":44},"6":{"loc":{"start":{"line":63,"column":4},"end":{"line":67,"column":5}},"type":"if","locations":[{"start":{"line":63,"column":4},"end":{"line":67,"column":5}},{"start":{},"end":{}}],"line":63},"7":{"loc":{"start":{"line":69,"column":4},"end":{"line":73,"column":5}},"type":"if","locations":[{"start":{"line":69,"column":4},"end":{"line":73,"column":5}},{"start":{},"end":{}}],"line":69}},"s":{"0":5,"1":43,"2":43,"3":43,"4":8,"5":35,"6":35,"7":1,"8":34,"9":1,"10":1,"11":33,"12":30,"13":30,"14":3,"15":1,"16":2,"17":2,"18":0,"19":0,"20":5,"21":40,"22":24,"23":1,"24":23,"25":7,"26":16},"f":{"0":43,"1":40,"2":24},"b":{"0":[8,35],"1":[1,34],"2":[35,34],"3":[1,33],"4":[1,2],"5":[2,0],"6":[1,23],"7":[7,16]},"inputSourceMap":null,"_coverageSchema":"1a1c01bbd47fc00a2c39e90264f33305004495a9","hash":"d0aba1eff1de4e95a9fe92440a08cef466e19486"}
,"D:\\deci 5\\Full-Stack E-Commerce Platform\\backend\\src\\middlewares\\validate.middleware.js": {"path":"D:\\deci 5\\Full-Stack E-Commerce Platform\\backend\\src\\middlewares\\validate.middleware.js","statementMap":{"0":{"start":{"line":1,"column":17},"end":{"line":17,"column":1}},"1":{"start":{"line":2,"column":2},"end":{"line":16,"column":4}},"2":{"start":{"line":3,"column":22},"end":{"line":6,"column":6}},"3":{"start":{"line":8,"column":4},"end":{"line":13,"column":5}},"4":{"start":{"line":9,"column":6},"end":{"line":12,"column":9}},"5":{"start":{"line":11,"column":46},"end":{"line":11,"column":60}},"6":{"start":{"line":15,"column":4},"end":{"line":15,"column":11}}},"fnMap":{"0":{"name":"(anonymous_0)","decl":{"start":{"line":1,"column":17},"end":{"line":1,"column":18}},"loc":{"start":{"line":1,"column":29},"end":{"line":17,"column":1}},"line":1},"1":{"name":"(anonymous_1)","decl":{"start":{"line":2,"column":9},"end":{"line":2,"column":10}},"loc":{"start":{"line":2,"column":29},"end":{"line":16,"column":3}},"line":2},"2":{"name":"(anonymous_2)","decl":{"start":{"line":11,"column":34},"end":{"line":11,"column":35}},"loc":{"start":{"line":11,"column":46},"end":{"line":11,"column":60}},"line":11}},"branchMap":{"0":{"loc":{"start":{"line":8,"column":4},"end":{"line":13,"column":5}},"type":"if","locations":[{"start":{"line":8,"column":4},"end":{"line":13,"column":5}},{"start":{},"end":{}}],"line":8}},"s":{"0":4,"1":36,"2":27,"3":27,"4":4,"5":7,"6":23},"f":{"0":36,"1":27,"2":7},"b":{"0":[4,23]},"inputSourceMap":null,"_coverageSchema":"1a1c01bbd47fc00a2c39e90264f33305004495a9","hash":"2ff4f74d49b1a8bc5d2541ead0573faa7e6cd361"}
,"D:\\deci 5\\Full-Stack E-Commerce Platform\\backend\\src\\routes\\auth.routes.js": {"path":"D:\\deci 5\\Full-Stack E-Commerce Platform\\backend\\src\\routes\\auth.routes.js","statementMap":{"0":{"start":{"line":20,"column":15},"end":{"line":20,"column":31}},"1":{"start":{"line":23,"column":0},"end":{"line":27,"column":2}},"2":{"start":{"line":30,"column":0},"end":{"line":34,"column":2}},"3":{"start":{"line":37,"column":0},"end":{"line":41,"column":2}},"4":{"start":{"line":44,"column":0},"end":{"line":49,"column":2}}},"fnMap":{},"branchMap":{},"s":{"0":4,"1":4,"2":4,"3":4,"4":4},"f":{},"b":{},"inputSourceMap":null,"_coverageSchema":"1a1c01bbd47fc00a2c39e90264f33305004495a9","hash":"34a2e3d930e87ea6ba1da2d9be6ad3d8c3a5c4f9"}
,"D:\\deci 5\\Full-Stack E-Commerce Platform\\backend\\src\\routes\\category.routes.js": {"path":"D:\\deci 5\\Full-Stack E-Commerce Platform\\backend\\src\\routes\\category.routes.js","statementMap":{"0":{"start":{"line":22,"column":15},"end":{"line":22,"column":31}},"1":{"start":{"line":25,"column":0},"end":{"line":28,"column":2}},"2":{"start":{"line":30,"column":0},"end":{"line":33,"column":2}},"3":{"start":{"line":36,"column":0},"end":{"line":42,"column":2}},"4":{"start":{"line":44,"column":0},"end":{"line":50,"column":2}},"5":{"start":{"line":52,"column":0},"end":{"line":57,"column":2}}},"fnMap":{},"branchMap":{},"s":{"0":4,"1":4,"2":4,"3":4,"4":4,"5":4},"f":{},"b":{},"inputSourceMap":null,"_coverageSchema":"1a1c01bbd47fc00a2c39e90264f33305004495a9","hash":"70ce9c2f022054a56a595056f7f27f685c4e9095"}
,"D:\\deci 5\\Full-Stack E-Commerce Platform\\backend\\src\\routes\\order.routes.js": {"path":"D:\\deci 5\\Full-Stack E-Commerce Platform\\backend\\src\\routes\\order.routes.js","statementMap":{"0":{"start":{"line":22,"column":15},"end":{"line":22,"column":31}},"1":{"start":{"line":40,"column":0},"end":{"line":45,"column":2}},"2":{"start":{"line":48,"column":0},"end":{"line":52,"column":2}},"3":{"start":{"line":55,"column":0},"end":{"line":60,"column":2}},"4":{"start":{"line":63,"column":0},"end":{"line":69,"column":2}},"5":{"start":{"line":72,"column":0},"end":{"line":77,"column":2}}},"fnMap":{},"branchMap":{},"s":{"0":4,"1":4,"2":4,"3":4,"4":4,"5":4},"f":{},"b":{},"inputSourceMap":null,"_coverageSchema":"1a1c01bbd47fc00a2c39e90264f33305004495a9","hash":"7eb7e89cfd54eab1373dbbfa2ce939ef557a3299"}
,"D:\\deci 5\\Full-Stack E-Commerce Platform\\backend\\src\\routes\\product.routes.js": {"path":"D:\\deci 5\\Full-Stack E-Commerce Platform\\backend\\src\\routes\\product.routes.js","statementMap":{"0":{"start":{"line":22,"column":15},"end":{"line":22,"column":31}},"1":{"start":{"line":45,"column":0},"end":{"line":48,"column":2}},"2":{"start":{"line":51,"column":0},"end":{"line":54,"column":2}},"3":{"start":{"line":63,"column":0},"end":{"line":69,"column":2}},"4":{"start":{"line":72,"column":0},"end":{"line":78,"column":2}},"5":{"start":{"line":81,"column":0},"end":{"line":86,"column":2}}},"fnMap":{},"branchMap":{},"s":{"0":4,"1":4,"2":4,"3":4,"4":4,"5":4},"f":{},"b":{},"inputSourceMap":null,"_coverageSchema":"1a1c01bbd47fc00a2c39e90264f33305004495a9","hash":"4a3b23fe6d9bd5a15c559244dde24139a8e636bd"}
,"D:\\deci 5\\Full-Stack E-Commerce Platform\\backend\\src\\services\\auth.service.js": {"path":"D:\\deci 5\\Full-Stack E-Commerce Platform\\backend\\src\\services\\auth.service.js","statementMap":{"0":{"start":{"line":6,"column":21},"end":{"line":14,"column":1}},"1":{"start":{"line":7,"column":2},"end":{"line":11,"column":3}},"2":{"start":{"line":8,"column":18},"end":{"line":8,"column":59}},"3":{"start":{"line":9,"column":4},"end":{"line":9,"column":27}},"4":{"start":{"line":10,"column":4},"end":{"line":10,"column":16}},"5":{"start":{"line":13,"column":2},"end":{"line":13,"column":32}},"6":{"start":{"line":16,"column":21},"end":{"line":22,"column":2}},"7":{"start":{"line":16,"column":32},"end":{"line":22,"column":1}},"8":{"start":{"line":24,"column":21},"end":{"line":60,"column":1}},"9":{"start":{"line":28,"column":26},"end":{"line":28,"column":52}},"10":{"start":{"line":30,"column":23},"end":{"line":34,"column":4}},"11":{"start":{"line":36,"column":2},"end":{"line":40,"column":3}},"12":{"start":{"line":37,"column":18},"end":{"line":37,"column":58}},"13":{"start":{"line":38,"column":4},"end":{"line":38,"column":27}},"14":{"start":{"line":39,"column":4},"end":{"line":39,"column":16}},"15":{"start":{"line":42,"column":25},"end":{"line":42,"column":56}},"16":{"start":{"line":44,"column":15},"end":{"line":57,"column":4}},"17":{"start":{"line":59,"column":2},"end":{"line":59,"column":14}},"18":{"start":{"line":62,"column":18},"end":{"line":107,"column":1}},"19":{"start":{"line":66,"column":26},"end":{"line":66,"column":52}},"20":{"start":{"line":68,"column":15},"end":{"line":72,"column":4}},"21":{"start":{"line":74,"column":2},"end":{"line":78,"column":3}},"22":{"start":{"line":75,"column":18},"end":{"line":75,"column":56}},"23":{"start":{"line":76,"column":4},"end":{"line":76,"column":27}},"24":{"start":{"line":77,"column":4},"end":{"line":77,"column":16}},"25":{"start":{"line":80,"column":26},"end":{"line":83,"column":3}},"26":{"start":{"line":85,"column":2},"end":{"line":89,"column":3}},"27":{"start":{"line":86,"column":18},"end":{"line":86,"column":56}},"28":{"start":{"line":87,"column":4},"end":{"line":87,"column":27}},"29":{"start":{"line":88,"column":4},"end":{"line":88,"column":16}},"30":{"start":{"line":91,"column":16},"end":{"line":101,"column":3}},"31":{"start":{"line":103,"column":2},"end":{"line":106,"column":4}},"32":{"start":{"line":109,"column":23},"end":{"line":133,"column":1}},"33":{"start":{"line":113,"column":15},"end":{"line":124,"column":4}},"34":{"start":{"line":126,"column":2},"end":{"line":130,"column":3}},"35":{"start":{"line":127,"column":18},"end":{"line":127,"column":45}},"36":{"start":{"line":128,"column":4},"end":{"line":128,"column":27}},"37":{"start":{"line":129,"column":4},"end":{"line":129,"column":16}},"38":{"start":{"line":132,"column":2},"end":{"line":132,"column":14}},"39":{"start":{"line":135,"column":26},"end":{"line":201,"column":1}},"40":{"start":{"line":140,"column":23},"end":{"line":144,"column":4}},"41":{"start":{"line":146,"column":2},"end":{"line":150,"column":3}},"42":{"start":{"line":147,"column":18},"end":{"line":147,"column":45}},"43":{"start":{"line":148,"column":4},"end":{"line":148,"column":27}},"44":{"start":{"line":149,"column":4},"end":{"line":149,"column":16}},"45":{"start":{"line":152,"column":15},"end":{"line":152,"column":17}},"46":{"start":{"line":154,"column":2},"end":{"line":156,"column":3}},"47":{"start":{"line":155,"column":4},"end":{"line":155,"column":28}},"48":{"start":{"line":158,"column":2},"end":{"line":180,"column":3}},"49":{"start":{"line":159,"column":28},"end":{"line":159,"column":54}},"50":{"start":{"line":162,"column":6},"end":{"line":166,"column":8}},"51":{"start":{"line":168,"column":4},"end":{"line":177,"column":5}},"52":{"start":{"line":172,"column":20},"end":{"line":174,"column":7}},"53":{"start":{"line":175,"column":6},"end":{"line":175,"column":29}},"54":{"start":{"line":176,"column":6},"end":{"line":176,"column":18}},"55":{"start":{"line":179,"column":4},"end":{"line":179,"column":33}},"56":{"start":{"line":182,"column":2},"end":{"line":184,"column":3}},"57":{"start":{"line":183,"column":4},"end":{"line":183,"column":52}},"58":{"start":{"line":186,"column":22},"end":{"line":198,"column":4}},"59":{"start":{"line":200,"column":2},"end":{"line":200,"column":21}}},"fnMap":{"0":{"name":"(anonymous_0)","decl":{"start":{"line":6,"column":21},"end":{"line":6,"column":22}},"loc":{"start":{"line":6,"column":27},"end":{"line":14,"column":1}},"line":6},"1":{"name":"(anonymous_1)","decl":{"start":{"line":16,"column":21},"end":{"line":16,"column":22}},"loc":{"start":{"line":16,"column":32},"end":{"line":22,"column":1}},"line":16},"2":{"name":"(anonymous_2)","decl":{"start":{"line":24,"column":21},"end":{"line":24,"column":22}},"loc":{"start":{"line":27,"column":5},"end":{"line":60,"column":1}},"line":27},"3":{"name":"(anonymous_3)","decl":{"start":{"line":62,"column":18},"end":{"line":62,"column":19}},"loc":{"start":{"line":65,"column":5},"end":{"line":107,"column":1}},"line":65},"4":{"name":"(anonymous_4)","decl":{"start":{"line":109,"column":23},"end":{"line":109,"column":24}},"loc":{"start":{"line":112,"column":5},"end":{"line":133,"column":1}},"line":112},"5":{"name":"(anonymous_5)","decl":{"start":{"line":135,"column":26},"end":{"line":135,"column":27}},"loc":{"start":{"line":139,"column":5},"end":{"line":201,"column":1}},"line":139}},"branchMap":{"0":{"loc":{"start":{"line":7,"column":2},"end":{"line":11,"column":3}},"type":"if","locations":[{"start":{"line":7,"column":2},"end":{"line":11,"column":3}},{"start":{},"end":{}}],"line":7},"1":{"loc":{"start":{"line":26,"column":2},"end":{"line":26,"column":19}},"type":"default-arg","locations":[{"start":{"line":26,"column":13},"end":{"line":26,"column":19}}],"line":26},"2":{"loc":{"start":{"line":36,"column":2},"end":{"line":40,"column":3}},"type":"if","locations":[{"start":{"line":36,"column":2},"end":{"line":40,"column":3}},{"start":{},"end":{}}],"line":36},"3":{"loc":{"start":{"line":64,"column":2},"end":{"line":64,"column":19}},"type":"default-arg","locations":[{"start":{"line":64,"column":13},"end":{"line":64,"column":19}}],"line":64},"4":{"loc":{"start":{"line":74,"column":2},"end":{"line":78,"column":3}},"type":"if","locations":[{"start":{"line":74,"column":2},"end":{"line":78,"column":3}},{"start":{},"end":{}}],"line":74},"5":{"loc":{"start":{"line":85,"column":2},"end":{"line":89,"column":3}},"type":"if","locations":[{"start":{"line":85,"column":2},"end":{"line":89,"column":3}},{"start":{},"end":{}}],"line":85},"6":{"loc":{"start":{"line":111,"column":2},"end":{"line":111,"column":19}},"type":"default-arg","locations":[{"start":{"line":111,"column":13},"end":{"line":111,"column":19}}],"line":111},"7":{"loc":{"start":{"line":126,"column":2},"end":{"line":130,"column":3}},"type":"if","locations":[{"start":{"line":126,"column":2},"end":{"line":130,"column":3}},{"start":{},"end":{}}],"line":126},"8":{"loc":{"start":{"line":138,"column":2},"end":{"line":138,"column":19}},"type":"default-arg","locations":[{"start":{"line":138,"column":13},"end":{"line":138,"column":19}}],"line":138},"9":{"loc":{"start":{"line":146,"column":2},"end":{"line":150,"column":3}},"type":"if","locations":[{"start":{"line":146,"column":2},"end":{"line":150,"column":3}},{"start":{},"end":{}}],"line":146},"10":{"loc":{"start":{"line":154,"column":2},"end":{"line":156,"column":3}},"type":"if","locations":[{"start":{"line":154,"column":2},"end":{"line":156,"column":3}},{"start":{},"end":{}}],"line":154},"11":{"loc":{"start":{"line":158,"column":2},"end":{"line":180,"column":3}},"type":"if","locations":[{"start":{"line":158,"column":2},"end":{"line":180,"column":3}},{"start":{},"end":{}}],"line":158},"12":{"loc":{"start":{"line":168,"column":4},"end":{"line":177,"column":5}},"type":"if","locations":[{"start":{"line":168,"column":4},"end":{"line":177,"column":5}},{"start":{},"end":{}}],"line":168},"13":{"loc":{"start":{"line":169,"column":6},"end":{"line":170,"column":37}},"type":"binary-expr","locations":[{"start":{"line":169,"column":6},"end":{"line":169,"column":23}},{"start":{"line":170,"column":6},"end":{"line":170,"column":37}}],"line":169},"14":{"loc":{"start":{"line":182,"column":2},"end":{"line":184,"column":3}},"type":"if","locations":[{"start":{"line":182,"column":2},"end":{"line":184,"column":3}},{"start":{},"end":{}}],"line":182}},"s":{"0":5,"1":9,"2":1,"3":1,"4":1,"5":8,"6":5,"7":8,"8":5,"9":4,"10":4,"11":4,"12":2,"13":2,"14":2,"15":2,"16":2,"17":2,"18":5,"19":13,"20":13,"21":13,"22":2,"23":2,"24":2,"25":11,"26":11,"27":2,"28":2,"29":2,"30":9,"31":8,"32":5,"33":3,"34":3,"35":1,"36":1,"37":1,"38":2,"39":5,"40":6,"41":6,"42":1,"43":1,"44":1,"45":5,"46":5,"47":2,"48":5,"49":3,"50":3,"51":3,"52":1,"53":1,"54":1,"55":2,"56":4,"57":2,"58":4,"59":4},"f":{"0":9,"1":8,"2":4,"3":13,"4":3,"5":6},"b":{"0":[1,8],"1":[0],"2":[2,2],"3":[0],"4":[2,11],"5":[2,9],"6":[0],"7":[1,2],"8":[0],"9":[1,5],"10":[2,3],"11":[3,2],"12":[1,2],"13":[3,1],"14":[2,2]},"inputSourceMap":null,"_coverageSchema":"1a1c01bbd47fc00a2c39e90264f33305004495a9","hash":"bbfc40cf0bda88cf7e559a70f6e823b4a9bce343"}
,"D:\\deci 5\\Full-Stack E-Commerce Platform\\backend\\src\\services\\cart.service.js": {"path":"D:\\deci 5\\Full-Stack E-Commerce Platform\\backend\\src\\services\\cart.service.js","statementMap":{"0":{"start":{"line":3,"column":20},"end":{"line":16,"column":1}},"1":{"start":{"line":18,"column":22},"end":{"line":47,"column":1}},"2":{"start":{"line":19,"column":2},"end":{"line":21,"column":3}},"3":{"start":{"line":20,"column":4},"end":{"line":20,"column":16}},"4":{"start":{"line":23,"column":16},"end":{"line":35,"column":4}},"5":{"start":{"line":24,"column":18},"end":{"line":24,"column":44}},"6":{"start":{"line":25,"column":21},"end":{"line":25,"column":42}},"7":{"start":{"line":27,"column":4},"end":{"line":34,"column":6}},"8":{"start":{"line":37,"column":16},"end":{"line":40,"column":3}},"9":{"start":{"line":38,"column":19},"end":{"line":38,"column":46}},"10":{"start":{"line":42,"column":2},"end":{"line":46,"column":4}},"11":{"start":{"line":49,"column":24},"end":{"line":78,"column":1}},"12":{"start":{"line":53,"column":23},"end":{"line":53,"column":37}},"13":{"start":{"line":55,"column":2},"end":{"line":59,"column":3}},"14":{"start":{"line":56,"column":18},"end":{"line":56,"column":46}},"15":{"start":{"line":57,"column":4},"end":{"line":57,"column":27}},"16":{"start":{"line":58,"column":4},"end":{"line":58,"column":16}},"17":{"start":{"line":61,"column":13},"end":{"line":66,"column":4}},"18":{"start":{"line":68,"column":2},"end":{"line":75,"column":3}},"19":{"start":{"line":69,"column":4},"end":{"line":74,"column":7}},"20":{"start":{"line":77,"column":2},"end":{"line":77,"column":29}},"21":{"start":{"line":80,"column":16},"end":{"line":85,"column":1}},"22":{"start":{"line":84,"column":2},"end":{"line":84,"column":43}},"23":{"start":{"line":87,"column":18},"end":{"line":192,"column":1}},"24":{"start":{"line":93,"column":23},"end":{"line":93,"column":37}},"25":{"start":{"line":94,"column":26},"end":{"line":94,"column":43}},"26":{"start":{"line":95,"column":25},"end":{"line":95,"column":41}},"27":{"start":{"line":97,"column":2},"end":{"line":101,"column":3}},"28":{"start":{"line":98,"column":18},"end":{"line":98,"column":46}},"29":{"start":{"line":99,"column":4},"end":{"line":99,"column":27}},"30":{"start":{"line":100,"column":4},"end":{"line":100,"column":16}},"31":{"start":{"line":103,"column":2},"end":{"line":107,"column":3}},"32":{"start":{"line":104,"column":18},"end":{"line":104,"column":49}},"33":{"start":{"line":105,"column":4},"end":{"line":105,"column":27}},"34":{"start":{"line":106,"column":4},"end":{"line":106,"column":16}},"35":{"start":{"line":109,"column":2},"end":{"line":115,"column":3}},"36":{"start":{"line":110,"column":18},"end":{"line":112,"column":5}},"37":{"start":{"line":113,"column":4},"end":{"line":113,"column":27}},"38":{"start":{"line":114,"column":4},"end":{"line":114,"column":16}},"39":{"start":{"line":117,"column":18},"end":{"line":121,"column":4}},"40":{"start":{"line":123,"column":2},"end":{"line":127,"column":3}},"41":{"start":{"line":124,"column":18},"end":{"line":124,"column":48}},"42":{"start":{"line":125,"column":4},"end":{"line":125,"column":27}},"43":{"start":{"line":126,"column":4},"end":{"line":126,"column":16}},"44":{"start":{"line":129,"column":2},"end":{"line":135,"column":3}},"45":{"start":{"line":130,"column":18},"end":{"line":132,"column":5}},"46":{"start":{"line":133,"column":4},"end":{"line":133,"column":27}},"47":{"start":{"line":134,"column":4},"end":{"line":134,"column":16}},"48":{"start":{"line":137,"column":13},"end":{"line":141,"column":4}},"49":{"start":{"line":143,"column":2},"end":{"line":149,"column":3}},"50":{"start":{"line":144,"column":4},"end":{"line":148,"column":7}},"51":{"start":{"line":152,"column":4},"end":{"line":159,"column":6}},"52":{"start":{"line":161,"column":2},"end":{"line":189,"column":3}},"53":{"start":{"line":163,"column":6},"end":{"line":163,"column":44}},"54":{"start":{"line":165,"column":4},"end":{"line":171,"column":5}},"55":{"start":{"line":166,"column":20},"end":{"line":168,"column":7}},"56":{"start":{"line":169,"column":6},"end":{"line":169,"column":29}},"57":{"start":{"line":170,"column":6},"end":{"line":170,"column":18}},"58":{"start":{"line":173,"column":4},"end":{"line":180,"column":7}},"59":{"start":{"line":182,"column":4},"end":{"line":188,"column":7}},"60":{"start":{"line":191,"column":2},"end":{"line":191,"column":41}},"61":{"start":{"line":194,"column":23},"end":{"line":282,"column":1}},"62":{"start":{"line":200,"column":23},"end":{"line":200,"column":37}},"63":{"start":{"line":201,"column":26},"end":{"line":201,"column":43}},"64":{"start":{"line":202,"column":25},"end":{"line":202,"column":41}},"65":{"start":{"line":204,"column":2},"end":{"line":208,"column":3}},"66":{"start":{"line":205,"column":18},"end":{"line":205,"column":46}},"67":{"start":{"line":206,"column":4},"end":{"line":206,"column":27}},"68":{"start":{"line":207,"column":4},"end":{"line":207,"column":16}},"69":{"start":{"line":210,"column":2},"end":{"line":214,"column":3}},"70":{"start":{"line":211,"column":18},"end":{"line":211,"column":49}},"71":{"start":{"line":212,"column":4},"end":{"line":212,"column":27}},"72":{"start":{"line":213,"column":4},"end":{"line":213,"column":16}},"73":{"start":{"line":216,"column":2},"end":{"line":222,"column":3}},"74":{"start":{"line":217,"column":18},"end":{"line":219,"column":5}},"75":{"start":{"line":220,"column":4},"end":{"line":220,"column":27}},"76":{"start":{"line":221,"column":4},"end":{"line":221,"column":16}},"77":{"start":{"line":224,"column":18},"end":{"line":228,"column":4}},"78":{"start":{"line":230,"column":2},"end":{"line":234,"column":3}},"79":{"start":{"line":231,"column":18},"end":{"line":231,"column":48}},"80":{"start":{"line":232,"column":4},"end":{"line":232,"column":27}},"81":{"start":{"line":233,"column":4},"end":{"line":233,"column":16}},"82":{"start":{"line":236,"column":2},"end":{"line":242,"column":3}},"83":{"start":{"line":237,"column":18},"end":{"line":239,"column":5}},"84":{"start":{"line":240,"column":4},"end":{"line":240,"column":27}},"85":{"start":{"line":241,"column":4},"end":{"line":241,"column":16}},"86":{"start":{"line":244,"column":15},"end":{"line":248,"column":4}},"87":{"start":{"line":250,"column":2},"end":{"line":254,"column":3}},"88":{"start":{"line":251,"column":18},"end":{"line":251,"column":45}},"89":{"start":{"line":252,"column":4},"end":{"line":252,"column":27}},"90":{"start":{"line":253,"column":4},"end":{"line":253,"column":16}},"91":{"start":{"line":257,"column":4},"end":{"line":264,"column":6}},"92":{"start":{"line":266,"column":2},"end":{"line":270,"column":3}},"93":{"start":{"line":267,"column":18},"end":{"line":267,"column":50}},"94":{"start":{"line":268,"column":4},"end":{"line":268,"column":27}},"95":{"start":{"line":269,"column":4},"end":{"line":269,"column":16}},"96":{"start":{"line":272,"column":2},"end":{"line":279,"column":5}},"97":{"start":{"line":281,"column":2},"end":{"line":281,"column":41}},"98":{"start":{"line":284,"column":23},"end":{"line":339,"column":1}},"99":{"start":{"line":289,"column":23},"end":{"line":289,"column":37}},"100":{"start":{"line":290,"column":26},"end":{"line":290,"column":43}},"101":{"start":{"line":292,"column":2},"end":{"line":296,"column":3}},"102":{"start":{"line":293,"column":18},"end":{"line":293,"column":46}},"103":{"start":{"line":294,"column":4},"end":{"line":294,"column":27}},"104":{"start":{"line":295,"column":4},"end":{"line":295,"column":16}},"105":{"start":{"line":298,"column":2},"end":{"line":302,"column":3}},"106":{"start":{"line":299,"column":18},"end":{"line":299,"column":49}},"107":{"start":{"line":300,"column":4},"end":{"line":300,"column":27}},"108":{"start":{"line":301,"column":4},"end":{"line":301,"column":16}},"109":{"start":{"line":304,"column":15},"end":{"line":308,"column":4}},"110":{"start":{"line":310,"column":2},"end":{"line":314,"column":3}},"111":{"start":{"line":311,"column":18},"end":{"line":311,"column":45}},"112":{"start":{"line":312,"column":4},"end":{"line":312,"column":27}},"113":{"start":{"line":313,"column":4},"end":{"line":313,"column":16}},"114":{"start":{"line":317,"column":4},"end":{"line":324,"column":6}},"115":{"start":{"line":326,"column":2},"end":{"line":330,"column":3}},"116":{"start":{"line":327,"column":18},"end":{"line":327,"column":50}},"117":{"start":{"line":328,"column":4},"end":{"line":328,"column":27}},"118":{"start":{"line":329,"column":4},"end":{"line":329,"column":16}},"119":{"start":{"line":332,"column":2},"end":{"line":336,"column":5}},"120":{"start":{"line":338,"column":2},"end":{"line":338,"column":41}},"121":{"start":{"line":341,"column":18},"end":{"line":370,"column":1}},"122":{"start":{"line":345,"column":23},"end":{"line":345,"column":37}},"123":{"start":{"line":347,"column":2},"end":{"line":351,"column":3}},"124":{"start":{"line":348,"column":18},"end":{"line":348,"column":46}},"125":{"start":{"line":349,"column":4},"end":{"line":349,"column":27}},"126":{"start":{"line":350,"column":4},"end":{"line":350,"column":16}},"127":{"start":{"line":353,"column":15},"end":{"line":357,"column":4}},"128":{"start":{"line":359,"column":2},"end":{"line":361,"column":3}},"129":{"start":{"line":360,"column":4},"end":{"line":360,"column":43}},"130":{"start":{"line":363,"column":2},"end":{"line":367,"column":5}},"131":{"start":{"line":369,"column":2},"end":{"line":369,"column":41}}},"fnMap":{"0":{"name":"(anonymous_0)","decl":{"start":{"line":18,"column":22},"end":{"line":18,"column":23}},"loc":{"start":{"line":18,"column":32},"end":{"line":47,"column":1}},"line":18},"1":{"name":"(anonymous_1)","decl":{"start":{"line":23,"column":31},"end":{"line":23,"column":32}},"loc":{"start":{"line":23,"column":41},"end":{"line":35,"column":3}},"line":23},"2":{"name":"(anonymous_2)","decl":{"start":{"line":38,"column":4},"end":{"line":38,"column":5}},"loc":{"start":{"line":38,"column":19},"end":{"line":38,"column":46}},"line":38},"3":{"name":"(anonymous_3)","decl":{"start":{"line":49,"column":24},"end":{"line":49,"column":25}},"loc":{"start":{"line":52,"column":5},"end":{"line":78,"column":1}},"line":52},"4":{"name":"(anonymous_4)","decl":{"start":{"line":80,"column":16},"end":{"line":80,"column":17}},"loc":{"start":{"line":83,"column":5},"end":{"line":85,"column":1}},"line":83},"5":{"name":"(anonymous_5)","decl":{"start":{"line":87,"column":18},"end":{"line":87,"column":19}},"loc":{"start":{"line":92,"column":5},"end":{"line":192,"column":1}},"line":92},"6":{"name":"(anonymous_6)","decl":{"start":{"line":194,"column":23},"end":{"line":194,"column":24}},"loc":{"start":{"line":199,"column":5},"end":{"line":282,"column":1}},"line":199},"7":{"name":"(anonymous_7)","decl":{"start":{"line":284,"column":23},"end":{"line":284,"column":24}},"loc":{"start":{"line":288,"column":5},"end":{"line":339,"column":1}},"line":288},"8":{"name":"(anonymous_8)","decl":{"start":{"line":341,"column":18},"end":{"line":341,"column":19}},"loc":{"start":{"line":344,"column":5},"end":{"line":370,"column":1}},"line":344}},"branchMap":{"0":{"loc":{"start":{"line":19,"column":2},"end":{"line":21,"column":3}},"type":"if","locations":[{"start":{"line":19,"column":2},"end":{"line":21,"column":3}},{"start":{},"end":{}}],"line":19},"1":{"loc":{"start":{"line":51,"column":2},"end":{"line":51,"column":19}},"type":"default-arg","locations":[{"start":{"line":51,"column":13},"end":{"line":51,"column":19}}],"line":51},"2":{"loc":{"start":{"line":55,"column":2},"end":{"line":59,"column":3}},"type":"if","locations":[{"start":{"line":55,"column":2},"end":{"line":59,"column":3}},{"start":{},"end":{}}],"line":55},"3":{"loc":{"start":{"line":68,"column":2},"end":{"line":75,"column":3}},"type":"if","locations":[{"start":{"line":68,"column":2},"end":{"line":75,"column":3}},{"start":{},"end":{}}],"line":68},"4":{"loc":{"start":{"line":82,"column":2},"end":{"line":82,"column":19}},"type":"default-arg","locations":[{"start":{"line":82,"column":13},"end":{"line":82,"column":19}}],"line":82},"5":{"loc":{"start":{"line":90,"column":2},"end":{"line":90,"column":14}},"type":"default-arg","locations":[{"start":{"line":90,"column":13},"end":{"line":90,"column":14}}],"line":90},"6":{"loc":{"start":{"line":91,"column":2},"end":{"line":91,"column":19}},"type":"default-arg","locations":[{"start":{"line":91,"column":13},"end":{"line":91,"column":19}}],"line":91},"7":{"loc":{"start":{"line":97,"column":2},"end":{"line":101,"column":3}},"type":"if","locations":[{"start":{"line":97,"column":2},"end":{"line":101,"column":3}},{"start":{},"end":{}}],"line":97},"8":{"loc":{"start":{"line":103,"column":2},"end":{"line":107,"column":3}},"type":"if","locations":[{"start":{"line":103,"column":2},"end":{"line":107,"column":3}},{"start":{},"end":{}}],"line":103},"9":{"loc":{"start":{"line":109,"column":2},"end":{"line":115,"column":3}},"type":"if","locations":[{"start":{"line":109,"column":2},"end":{"line":115,"column":3}},{"start":{},"end":{}}],"line":109},"10":{"loc":{"start":{"line":109,"column":6},"end":{"line":109,"column":61}},"type":"binary-expr","locations":[{"start":{"line":109,"column":6},"end":{"line":109,"column":39}},{"start":{"line":109,"column":43},"end":{"line":109,"column":61}}],"line":109},"11":{"loc":{"start":{"line":123,"column":2},"end":{"line":127,"column":3}},"type":"if","locations":[{"start":{"line":123,"column":2},"end":{"line":127,"column":3}},{"start":{},"end":{}}],"line":123},"12":{"loc":{"start":{"line":129,"column":2},"end":{"line":135,"column":3}},"type":"if","locations":[{"start":{"line":129,"column":2},"end":{"line":135,"column":3}},{"start":{},"end":{}}],"line":129},"13":{"loc":{"start":{"line":143,"column":2},"end":{"line":149,"column":3}},"type":"if","locations":[{"start":{"line":143,"column":2},"end":{"line":149,"column":3}},{"start":{},"end":{}}],"line":143},"14":{"loc":{"start":{"line":161,"column":2},"end":{"line":189,"column":3}},"type":"if","locations":[{"start":{"line":161,"column":2},"end":{"line":189,"column":3}},{"start":{"line":181,"column":9},"end":{"line":189,"column":3}}],"line":161},"15":{"loc":{"start":{"line":165,"column":4},"end":{"line":171,"column":5}},"type":"if","locations":[{"start":{"line":165,"column":4},"end":{"line":171,"column":5}},{"start":{},"end":{}}],"line":165},"16":{"loc":{"start":{"line":198,"column":2},"end":{"line":198,"column":19}},"type":"default-arg","locations":[{"start":{"line":198,"column":13},"end":{"line":198,"column":19}}],"line":198},"17":{"loc":{"start":{"line":204,"column":2},"end":{"line":208,"column":3}},"type":"if","locations":[{"start":{"line":204,"column":2},"end":{"line":208,"column":3}},{"start":{},"end":{}}],"line":204},"18":{"loc":{"start":{"line":210,"column":2},"end":{"line":214,"column":3}},"type":"if","locations":[{"start":{"line":210,"column":2},"end":{"line":214,"column":3}},{"start":{},"end":{}}],"line":210},"19":{"loc":{"start":{"line":216,"column":2},"end":{"line":222,"column":3}},"type":"if","locations":[{"start":{"line":216,"column":2},"end":{"line":222,"column":3}},{"start":{},"end":{}}],"line":216},"20":{"loc":{"start":{"line":216,"column":6},"end":{"line":216,"column":61}},"type":"binary-expr","locations":[{"start":{"line":216,"column":6},"end":{"line":216,"column":39}},{"start":{"line":216,"column":43},"end":{"line":216,"column":61}}],"line":216},"21":{"loc":{"start":{"line":230,"column":2},"end":{"line":234,"column":3}},"type":"if","locations":[{"start":{"line":230,"column":2},"end":{"line":234,"column":3}},{"start":{},"end":{}}],"line":230},"22":{"loc":{"start":{"line":236,"column":2},"end":{"line":242,"column":3}},"type":"if","locations":[{"start":{"line":236,"column":2},"end":{"line":242,"column":3}},{"start":{},"end":{}}],"line":236},"23":{"loc":{"start":{"line":250,"column":2},"end":{"line":254,"column":3}},"type":"if","locations":[{"start":{"line":250,"column":2},"end":{"line":254,"column":3}},{"start":{},"end":{}}],"line":250},"24":{"loc":{"start":{"line":266,"column":2},"end":{"line":270,"column":3}},"type":"if","locations":[{"start":{"line":266,"column":2},"end":{"line":270,"column":3}},{"start":{},"end":{}}],"line":266},"25":{"loc":{"start":{"line":287,"column":2},"end":{"line":287,"column":19}},"type":"default-arg","locations":[{"start":{"line":287,"column":13},"end":{"line":287,"column":19}}],"line":287},"26":{"loc":{"start":{"line":292,"column":2},"end":{"line":296,"column":3}},"type":"if","locations":[{"start":{"line":292,"column":2},"end":{"line":296,"column":3}},{"start":{},"end":{}}],"line":292},"27":{"loc":{"start":{"line":298,"column":2},"end":{"line":302,"column":3}},"type":"if","locations":[{"start":{"line":298,"column":2},"end":{"line":302,"column":3}},{"start":{},"end":{}}],"line":298},"28":{"loc":{"start":{"line":310,"column":2},"end":{"line":314,"column":3}},"type":"if","locations":[{"start":{"line":310,"column":2},"end":{"line":314,"column":3}},{"start":{},"end":{}}],"line":310},"29":{"loc":{"start":{"line":326,"column":2},"end":{"line":330,"column":3}},"type":"if","locations":[{"start":{"line":326,"column":2},"end":{"line":330,"column":3}},{"start":{},"end":{}}],"line":326},"30":{"loc":{"start":{"line":343,"column":2},"end":{"line":343,"column":19}},"type":"default-arg","locations":[{"start":{"line":343,"column":13},"end":{"line":343,"column":19}}],"line":343},"31":{"loc":{"start":{"line":347,"column":2},"end":{"line":351,"column":3}},"type":"if","locations":[{"start":{"line":347,"column":2},"end":{"line":351,"column":3}},{"start":{},"end":{}}],"line":347},"32":{"loc":{"start":{"line":359,"column":2},"end":{"line":361,"column":3}},"type":"if","locations":[{"start":{"line":359,"column":2},"end":{"line":361,"column":3}},{"start":{},"end":{}}],"line":359}},"s":{"0":1,"1":1,"2":0,"3":0,"4":0,"5":0,"6":0,"7":0,"8":0,"9":0,"10":0,"11":1,"12":5,"13":5,"14":1,"15":1,"16":1,"17":4,"18":0,"19":0,"20":0,"21":1,"22":5,"23":1,"24":17,"25":17,"26":17,"27":17,"28":1,"29":1,"30":1,"31":16,"32":1,"33":1,"34":1,"35":15,"36":3,"37":3,"38":3,"39":12,"40":12,"41":1,"42":1,"43":1,"44":11,"45":1,"46":1,"47":1,"48":10,"49":0,"50":0,"51":0,"52":0,"53":0,"54":0,"55":0,"56":0,"57":0,"58":0,"59":0,"60":0,"61":1,"62":5,"63":5,"64":5,"65":5,"66":1,"67":1,"68":1,"69":4,"70":1,"71":1,"72":1,"73":3,"74":1,"75":1,"76":1,"77":2,"78":2,"79":1,"80":1,"81":1,"82":1,"83":0,"84":0,"85":0,"86":1,"87":0,"88":0,"89":0,"90":0,"91":0,"92":0,"93":0,"94":0,"95":0,"96":0,"97":0,"98":1,"99":3,"100":3,"101":3,"102":1,"103":1,"104":1,"105":2,"106":1,"107":1,"108":1,"109":1,"110":0,"111":0,"112":0,"113":0,"114":0,"115":0,"116":0,"117":0,"118":0,"119":0,"120":0,"121":1,"122":2,"123":2,"124":1,"125":1,"126":1,"127":1,"128":0,"129":0,"130":0,"131":0},"f":{"0":0,"1":0,"2":0,"3":5,"4":5,"5":17,"6":5,"7":3,"8":2},"b":{"0":[0,0],"1":[0],"2":[1,4],"3":[0,0],"4":[5],"5":[1],"6":[17],"7":[1,16],"8":[1,15],"9":[3,12],"10":[15,14],"11":[1,11],"12":[1,10],"13":[0,0],"14":[0,0],"15":[0,0],"16":[5],"17":[1,4],"18":[1,3],"19":[1,2],"20":[3,3],"21":[1,1],"22":[0,1],"23":[0,0],"24":[0,0],"25":[3],"26":[1,2],"27":[1,1],"28":[0,0],"29":[0,0],"30":[2],"31":[1,1],"32":[0,0]},"inputSourceMap":null,"_coverageSchema":"1a1c01bbd47fc00a2c39e90264f33305004495a9","hash":"b142bdf8d703f182067ac7c4de0a7ef610b3c533"}
,"D:\\deci 5\\Full-Stack E-Commerce Platform\\backend\\src\\services\\category.service.js": {"path":"D:\\deci 5\\Full-Stack E-Commerce Platform\\backend\\src\\services\\category.service.js","statementMap":{"0":{"start":{"line":3,"column":25},"end":{"line":9,"column":1}},"1":{"start":{"line":4,"column":2},"end":{"line":8,"column":5}},"2":{"start":{"line":11,"column":24},"end":{"line":28,"column":1}},"3":{"start":{"line":12,"column":19},"end":{"line":19,"column":4}},"4":{"start":{"line":21,"column":2},"end":{"line":25,"column":3}},"5":{"start":{"line":22,"column":18},"end":{"line":22,"column":49}},"6":{"start":{"line":23,"column":4},"end":{"line":23,"column":27}},"7":{"start":{"line":24,"column":4},"end":{"line":24,"column":16}},"8":{"start":{"line":27,"column":2},"end":{"line":27,"column":18}},"9":{"start":{"line":30,"column":23},"end":{"line":54,"column":1}},"10":{"start":{"line":34,"column":25},"end":{"line":34,"column":36}},"11":{"start":{"line":36,"column":27},"end":{"line":40,"column":4}},"12":{"start":{"line":42,"column":2},"end":{"line":46,"column":3}},"13":{"start":{"line":43,"column":18},"end":{"line":43,"column":54}},"14":{"start":{"line":44,"column":4},"end":{"line":44,"column":27}},"15":{"start":{"line":45,"column":4},"end":{"line":45,"column":16}},"16":{"start":{"line":48,"column":2},"end":{"line":53,"column":5}},"17":{"start":{"line":56,"column":23},"end":{"line":101,"column":1}},"18":{"start":{"line":61,"column":21},"end":{"line":61,"column":31}},"19":{"start":{"line":63,"column":27},"end":{"line":67,"column":4}},"20":{"start":{"line":69,"column":2},"end":{"line":73,"column":3}},"21":{"start":{"line":70,"column":18},"end":{"line":70,"column":49}},"22":{"start":{"line":71,"column":4},"end":{"line":71,"column":27}},"23":{"start":{"line":72,"column":4},"end":{"line":72,"column":16}},"24":{"start":{"line":75,"column":25},"end":{"line":75,"column":36}},"25":{"start":{"line":77,"column":28},"end":{"line":84,"column":4}},"26":{"start":{"line":86,"column":2},"end":{"line":90,"column":3}},"27":{"start":{"line":87,"column":18},"end":{"line":87,"column":54}},"28":{"start":{"line":88,"column":4},"end":{"line":88,"column":27}},"29":{"start":{"line":89,"column":4},"end":{"line":89,"column":16}},"30":{"start":{"line":92,"column":2},"end":{"line":100,"column":5}},"31":{"start":{"line":103,"column":23},"end":{"line":138,"column":1}},"32":{"start":{"line":104,"column":21},"end":{"line":104,"column":31}},"33":{"start":{"line":106,"column":27},"end":{"line":113,"column":4}},"34":{"start":{"line":115,"column":2},"end":{"line":119,"column":3}},"35":{"start":{"line":116,"column":18},"end":{"line":116,"column":49}},"36":{"start":{"line":117,"column":4},"end":{"line":117,"column":27}},"37":{"start":{"line":118,"column":4},"end":{"line":118,"column":16}},"38":{"start":{"line":121,"column":2},"end":{"line":127,"column":3}},"39":{"start":{"line":122,"column":18},"end":{"line":124,"column":5}},"40":{"start":{"line":125,"column":4},"end":{"line":125,"column":27}},"41":{"start":{"line":126,"column":4},"end":{"line":126,"column":16}},"42":{"start":{"line":129,"column":2},"end":{"line":133,"column":5}},"43":{"start":{"line":135,"column":2},"end":{"line":137,"column":4}}},"fnMap":{"0":{"name":"(anonymous_0)","decl":{"start":{"line":3,"column":25},"end":{"line":3,"column":26}},"loc":{"start":{"line":3,"column":54},"end":{"line":9,"column":1}},"line":3},"1":{"name":"(anonymous_1)","decl":{"start":{"line":11,"column":24},"end":{"line":11,"column":25}},"loc":{"start":{"line":11,"column":57},"end":{"line":28,"column":1}},"line":11},"2":{"name":"(anonymous_2)","decl":{"start":{"line":30,"column":23},"end":{"line":30,"column":24}},"loc":{"start":{"line":33,"column":5},"end":{"line":54,"column":1}},"line":33},"3":{"name":"(anonymous_3)","decl":{"start":{"line":56,"column":23},"end":{"line":56,"column":24}},"loc":{"start":{"line":60,"column":5},"end":{"line":101,"column":1}},"line":60},"4":{"name":"(anonymous_4)","decl":{"start":{"line":103,"column":23},"end":{"line":103,"column":24}},"loc":{"start":{"line":103,"column":56},"end":{"line":138,"column":1}},"line":103}},"branchMap":{"0":{"loc":{"start":{"line":3,"column":32},"end":{"line":3,"column":49}},"type":"default-arg","locations":[{"start":{"line":3,"column":43},"end":{"line":3,"column":49}}],"line":3},"1":{"loc":{"start":{"line":11,"column":35},"end":{"line":11,"column":52}},"type":"default-arg","locations":[{"start":{"line":11,"column":46},"end":{"line":11,"column":52}}],"line":11},"2":{"loc":{"start":{"line":21,"column":2},"end":{"line":25,"column":3}},"type":"if","locations":[{"start":{"line":21,"column":2},"end":{"line":25,"column":3}},{"start":{},"end":{}}],"line":21},"3":{"loc":{"start":{"line":32,"column":2},"end":{"line":32,"column":19}},"type":"default-arg","locations":[{"start":{"line":32,"column":13},"end":{"line":32,"column":19}}],"line":32},"4":{"loc":{"start":{"line":42,"column":2},"end":{"line":46,"column":3}},"type":"if","locations":[{"start":{"line":42,"column":2},"end":{"line":46,"column":3}},{"start":{},"end":{}}],"line":42},"5":{"loc":{"start":{"line":51,"column":19},"end":{"line":51,"column":46}},"type":"binary-expr","locations":[{"start":{"line":51,"column":19},"end":{"line":51,"column":38}},{"start":{"line":51,"column":42},"end":{"line":51,"column":46}}],"line":51},"6":{"loc":{"start":{"line":59,"column":2},"end":{"line":59,"column":19}},"type":"default-arg","locations":[{"start":{"line":59,"column":13},"end":{"line":59,"column":19}}],"line":59},"7":{"loc":{"start":{"line":69,"column":2},"end":{"line":73,"column":3}},"type":"if","locations":[{"start":{"line":69,"column":2},"end":{"line":73,"column":3}},{"start":{},"end":{}}],"line":69},"8":{"loc":{"start":{"line":86,"column":2},"end":{"line":90,"column":3}},"type":"if","locations":[{"start":{"line":86,"column":2},"end":{"line":90,"column":3}},{"start":{},"end":{}}],"line":86},"9":{"loc":{"start":{"line":98,"column":19},"end":{"line":98,"column":46}},"type":"binary-expr","locations":[{"start":{"line":98,"column":19},"end":{"line":98,"column":38}},{"start":{"line":98,"column":42},"end":{"line":98,"column":46}}],"line":98},"10":{"loc":{"start":{"line":103,"column":34},"end":{"line":103,"column":51}},"type":"default-arg","locations":[{"start":{"line":103,"column":45},"end":{"line":103,"column":51}}],"line":103},"11":{"loc":{"start":{"line":115,"column":2},"end":{"line":119,"column":3}},"type":"if","locations":[{"start":{"line":115,"column":2},"end":{"line":119,"column":3}},{"start":{},"end":{}}],"line":115},"12":{"loc":{"start":{"line":121,"column":2},"end":{"line":127,"column":3}},"type":"if","locations":[{"start":{"line":121,"column":2},"end":{"line":127,"column":3}},{"start":{},"end":{}}],"line":121}},"s":{"0":5,"1":2,"2":5,"3":4,"4":4,"5":2,"6":2,"7":2,"8":2,"9":5,"10":5,"11":5,"12":5,"13":2,"14":2,"15":2,"16":3,"17":5,"18":5,"19":5,"20":5,"21":1,"22":1,"23":1,"24":4,"25":4,"26":4,"27":1,"28":1,"29":1,"30":3,"31":5,"32":4,"33":4,"34":4,"35":1,"36":1,"37":1,"38":3,"39":1,"40":1,"41":1,"42":2,"43":2},"f":{"0":2,"1":4,"2":5,"3":5,"4":4},"b":{"0":[0],"1":[0],"2":[2,2],"3":[0],"4":[2,3],"5":[3,1],"6":[0],"7":[1,4],"8":[1,3],"9":[3,1],"10":[0],"11":[1,3],"12":[1,2]},"inputSourceMap":null,"_coverageSchema":"1a1c01bbd47fc00a2c39e90264f33305004495a9","hash":"02d73a38a999723f96af97b9df9ba918f1dde00a"}
,"D:\\deci 5\\Full-Stack E-Commerce Platform\\backend\\src\\services\\order.service.js": {"path":"D:\\deci 5\\Full-Stack E-Commerce Platform\\backend\\src\\services\\order.service.js","statementMap":{"0":{"start":{"line":3,"column":21},"end":{"line":23,"column":1}},"1":{"start":{"line":4,"column":2},"end":{"line":22,"column":5}},"2":{"start":{"line":25,"column":21},"end":{"line":55,"column":1}},"3":{"start":{"line":26,"column":18},"end":{"line":26,"column":28}},"4":{"start":{"line":28,"column":16},"end":{"line":46,"column":4}},"5":{"start":{"line":48,"column":2},"end":{"line":52,"column":3}},"6":{"start":{"line":49,"column":18},"end":{"line":49,"column":46}},"7":{"start":{"line":50,"column":4},"end":{"line":50,"column":27}},"8":{"start":{"line":51,"column":4},"end":{"line":51,"column":16}},"9":{"start":{"line":54,"column":2},"end":{"line":54,"column":15}},"10":{"start":{"line":57,"column":20},"end":{"line":200,"column":1}},"11":{"start":{"line":61,"column":23},"end":{"line":61,"column":37}},"12":{"start":{"line":63,"column":15},"end":{"line":67,"column":4}},"13":{"start":{"line":69,"column":2},"end":{"line":73,"column":3}},"14":{"start":{"line":70,"column":18},"end":{"line":70,"column":45}},"15":{"start":{"line":71,"column":4},"end":{"line":71,"column":27}},"16":{"start":{"line":72,"column":4},"end":{"line":72,"column":16}},"17":{"start":{"line":75,"column":2},"end":{"line":81,"column":3}},"18":{"start":{"line":76,"column":18},"end":{"line":78,"column":5}},"19":{"start":{"line":79,"column":4},"end":{"line":79,"column":27}},"20":{"start":{"line":80,"column":4},"end":{"line":80,"column":16}},"21":{"start":{"line":83,"column":21},"end":{"line":85,"column":3}},"22":{"start":{"line":84,"column":4},"end":{"line":84,"column":26}},"23":{"start":{"line":87,"column":19},"end":{"line":93,"column":4}},"24":{"start":{"line":95,"column":21},"end":{"line":97,"column":3}},"25":{"start":{"line":96,"column":30},"end":{"line":96,"column":51}},"26":{"start":{"line":99,"column":2},"end":{"line":107,"column":3}},"27":{"start":{"line":100,"column":4},"end":{"line":106,"column":5}},"28":{"start":{"line":101,"column":20},"end":{"line":103,"column":7}},"29":{"start":{"line":104,"column":6},"end":{"line":104,"column":29}},"30":{"start":{"line":105,"column":6},"end":{"line":105,"column":18}},"31":{"start":{"line":109,"column":20},"end":{"line":109,"column":21}},"32":{"start":{"line":111,"column":21},"end":{"line":153,"column":4}},"33":{"start":{"line":112,"column":22},"end":{"line":112,"column":44}},"34":{"start":{"line":113,"column":21},"end":{"line":113,"column":42}},"35":{"start":{"line":115,"column":20},"end":{"line":115,"column":45}},"36":{"start":{"line":117,"column":4},"end":{"line":123,"column":5}},"37":{"start":{"line":118,"column":20},"end":{"line":120,"column":7}},"38":{"start":{"line":121,"column":6},"end":{"line":121,"column":29}},"39":{"start":{"line":122,"column":6},"end":{"line":122,"column":18}},"40":{"start":{"line":125,"column":4},"end":{"line":134,"column":5}},"41":{"start":{"line":129,"column":20},"end":{"line":131,"column":7}},"42":{"start":{"line":132,"column":6},"end":{"line":132,"column":29}},"43":{"start":{"line":133,"column":6},"end":{"line":133,"column":18}},"44":{"start":{"line":136,"column":4},"end":{"line":142,"column":5}},"45":{"start":{"line":137,"column":20},"end":{"line":139,"column":7}},"46":{"start":{"line":140,"column":6},"end":{"line":140,"column":29}},"47":{"start":{"line":141,"column":6},"end":{"line":141,"column":18}},"48":{"start":{"line":144,"column":18},"end":{"line":144,"column":39}},"49":{"start":{"line":146,"column":4},"end":{"line":146,"column":36}},"50":{"start":{"line":148,"column":4},"end":{"line":152,"column":6}},"51":{"start":{"line":155,"column":16},"end":{"line":197,"column":3}},"52":{"start":{"line":158,"column":8},"end":{"line":180,"column":10}},"53":{"start":{"line":182,"column":6},"end":{"line":193,"column":7}},"54":{"start":{"line":183,"column":8},"end":{"line":192,"column":11}},"55":{"start":{"line":195,"column":6},"end":{"line":195,"column":26}},"56":{"start":{"line":199,"column":2},"end":{"line":199,"column":15}},"57":{"start":{"line":202,"column":26},"end":{"line":244,"column":1}},"58":{"start":{"line":207,"column":18},"end":{"line":207,"column":28}},"59":{"start":{"line":210,"column":4},"end":{"line":214,"column":6}},"60":{"start":{"line":216,"column":2},"end":{"line":220,"column":3}},"61":{"start":{"line":217,"column":18},"end":{"line":217,"column":46}},"62":{"start":{"line":218,"column":4},"end":{"line":218,"column":27}},"63":{"start":{"line":219,"column":4},"end":{"line":219,"column":16}},"64":{"start":{"line":222,"column":2},"end":{"line":243,"column":5}},"65":{"start":{"line":246,"column":20},"end":{"line":274,"column":1}},"66":{"start":{"line":250,"column":18},"end":{"line":250,"column":28}},"67":{"start":{"line":253,"column":4},"end":{"line":257,"column":6}},"68":{"start":{"line":259,"column":2},"end":{"line":263,"column":3}},"69":{"start":{"line":260,"column":18},"end":{"line":260,"column":46}},"70":{"start":{"line":261,"column":4},"end":{"line":261,"column":27}},"71":{"start":{"line":262,"column":4},"end":{"line":262,"column":16}},"72":{"start":{"line":265,"column":2},"end":{"line":269,"column":5}},"73":{"start":{"line":271,"column":2},"end":{"line":273,"column":4}}},"fnMap":{"0":{"name":"(anonymous_0)","decl":{"start":{"line":3,"column":21},"end":{"line":3,"column":22}},"loc":{"start":{"line":3,"column":50},"end":{"line":23,"column":1}},"line":3},"1":{"name":"(anonymous_1)","decl":{"start":{"line":25,"column":21},"end":{"line":25,"column":22}},"loc":{"start":{"line":25,"column":54},"end":{"line":55,"column":1}},"line":25},"2":{"name":"(anonymous_2)","decl":{"start":{"line":57,"column":20},"end":{"line":57,"column":21}},"loc":{"start":{"line":60,"column":5},"end":{"line":200,"column":1}},"line":60},"3":{"name":"(anonymous_3)","decl":{"start":{"line":83,"column":31},"end":{"line":83,"column":32}},"loc":{"start":{"line":84,"column":4},"end":{"line":84,"column":26}},"line":84},"4":{"name":"(anonymous_4)","decl":{"start":{"line":96,"column":17},"end":{"line":96,"column":18}},"loc":{"start":{"line":96,"column":30},"end":{"line":96,"column":51}},"line":96},"5":{"name":"(anonymous_5)","decl":{"start":{"line":111,"column":31},"end":{"line":111,"column":32}},"loc":{"start":{"line":111,"column":41},"end":{"line":153,"column":3}},"line":111},"6":{"name":"(anonymous_6)","decl":{"start":{"line":156,"column":4},"end":{"line":156,"column":5}},"loc":{"start":{"line":156,"column":18},"end":{"line":196,"column":5}},"line":156},"7":{"name":"(anonymous_7)","decl":{"start":{"line":202,"column":26},"end":{"line":202,"column":27}},"loc":{"start":{"line":206,"column":5},"end":{"line":244,"column":1}},"line":206},"8":{"name":"(anonymous_8)","decl":{"start":{"line":246,"column":20},"end":{"line":246,"column":21}},"loc":{"start":{"line":249,"column":5},"end":{"line":274,"column":1}},"line":249}},"branchMap":{"0":{"loc":{"start":{"line":3,"column":28},"end":{"line":3,"column":45}},"type":"default-arg","locations":[{"start":{"line":3,"column":39},"end":{"line":3,"column":45}}],"line":3},"1":{"loc":{"start":{"line":25,"column":32},"end":{"line":25,"column":49}},"type":"default-arg","locations":[{"start":{"line":25,"column":43},"end":{"line":25,"column":49}}],"line":25},"2":{"loc":{"start":{"line":48,"column":2},"end":{"line":52,"column":3}},"type":"if","locations":[{"start":{"line":48,"column":2},"end":{"line":52,"column":3}},{"start":{},"end":{}}],"line":48},"3":{"loc":{"start":{"line":59,"column":2},"end":{"line":59,"column":19}},"type":"default-arg","locations":[{"start":{"line":59,"column":13},"end":{"line":59,"column":19}}],"line":59},"4":{"loc":{"start":{"line":69,"column":2},"end":{"line":73,"column":3}},"type":"if","locations":[{"start":{"line":69,"column":2},"end":{"line":73,"column":3}},{"start":{},"end":{}}],"line":69},"5":{"loc":{"start":{"line":75,"column":2},"end":{"line":81,"column":3}},"type":"if","locations":[{"start":{"line":75,"column":2},"end":{"line":81,"column":3}},{"start":{},"end":{}}],"line":75},"6":{"loc":{"start":{"
[...]
{"line":73,"column":18}},"20":{"start":{"line":76,"column":4},"end":{"line":76,"column":40}},"21":{"start":{"line":79,"column":28},"end":{"line":95,"column":4}},"22":{"start":{"line":98,"column":4},"end":{"line":100,"column":36}},"23":{"start":{"line":102,"column":2},"end":{"line":112,"column":4}},"24":{"start":{"line":115,"column":23},"end":{"line":143,"column":1}},"25":{"start":{"line":119,"column":20},"end":{"line":119,"column":30}},"26":{"start":{"line":121,"column":2},"end":{"line":125,"column":3}},"27":{"start":{"line":122,"column":18},"end":{"line":122,"column":49}},"28":{"start":{"line":123,"column":4},"end":{"line":123,"column":27}},"29":{"start":{"line":124,"column":4},"end":{"line":124,"column":16}},"30":{"start":{"line":127,"column":18},"end":{"line":134,"column":4}},"31":{"start":{"line":136,"column":2},"end":{"line":140,"column":3}},"32":{"start":{"line":137,"column":18},"end":{"line":137,"column":48}},"33":{"start":{"line":138,"column":4},"end":{"line":138,"column":27}},"34":{"start":{"line":139,"column":4},"end":{"line":139,"column":16}},"35":{"start":{"line":142,"column":2},"end":{"line":142,"column":35}},"36":{"start":{"line":145,"column":22},"end":{"line":201,"column":1}},"37":{"start":{"line":157,"column":4},"end":{"line":164,"column":6}},"38":{"start":{"line":166,"column":2},"end":{"line":170,"column":3}},"39":{"start":{"line":167,"column":18},"end":{"line":167,"column":53}},"40":{"start":{"line":168,"column":4},"end":{"line":168,"column":27}},"41":{"start":{"line":169,"column":4},"end":{"line":169,"column":16}},"42":{"start":{"line":173,"column":4},"end":{"line":177,"column":6}},"43":{"start":{"line":179,"column":2},"end":{"line":183,"column":3}},"44":{"start":{"line":180,"column":18},"end":{"line":180,"column":49}},"45":{"start":{"line":181,"column":4},"end":{"line":181,"column":27}},"46":{"start":{"line":182,"column":4},"end":{"line":182,"column":16}},"47":{"start":{"line":185,"column":18},"end":{"line":198,"column":4}},"48":{"start":{"line":200,"column":2},"end":{"line":200,"column":35}},"49":{"start":{"line":203,"column":22},"end":{"line":316,"column":1}},"50":{"start":{"line":208,"column":20},"end":{"line":208,"column":30}},"51":{"start":{"line":210,"column":2},"end":{"line":214,"column":3}},"52":{"start":{"line":211,"column":18},"end":{"line":211,"column":49}},"53":{"start":{"line":212,"column":4},"end":{"line":212,"column":27}},"54":{"start":{"line":213,"column":4},"end":{"line":213,"column":16}},"55":{"start":{"line":217,"column":4},"end":{"line":221,"column":6}},"56":{"start":{"line":223,"column":2},"end":{"line":227,"column":3}},"57":{"start":{"line":224,"column":18},"end":{"line":224,"column":48}},"58":{"start":{"line":225,"column":4},"end":{"line":225,"column":27}},"59":{"start":{"line":226,"column":4},"end":{"line":226,"column":16}},"60":{"start":{"line":229,"column":2},"end":{"line":255,"column":3}},"61":{"start":{"line":235,"column":6},"end":{"line":245,"column":8}},"62":{"start":{"line":247,"column":4},"end":{"line":254,"column":5}},"63":{"start":{"line":248,"column":20},"end":{"line":250,"column":7}},"64":{"start":{"line":252,"column":6},"end":{"line":252,"column":29}},"65":{"start":{"line":253,"column":6},"end":{"line":253,"column":18}},"66":{"start":{"line":257,"column":2},"end":{"line":273,"column":3}},"67":{"start":{"line":259,"column":6},"end":{"line":263,"column":8}},"68":{"start":{"line":265,"column":4},"end":{"line":272,"column":5}},"69":{"start":{"line":266,"column":20},"end":{"line":268,"column":7}},"70":{"start":{"line":270,"column":6},"end":{"line":270,"column":29}},"71":{"start":{"line":271,"column":6},"end":{"line":271,"column":18}},"72":{"start":{"line":275,"column":21},"end":{"line":275,"column":23}},"73":{"start":{"line":277,"column":2},"end":{"line":279,"column":3}},"74":{"start":{"line":278,"column":4},"end":{"line":278,"column":39}},"75":{"start":{"line":281,"column":2},"end":{"line":284,"column":3}},"76":{"start":{"line":282,"column":4},"end":{"line":283,"column":39}},"77":{"start":{"line":286,"column":2},"end":{"line":288,"column":3}},"78":{"start":{"line":287,"column":4},"end":{"line":287,"column":34}},"79":{"start":{"line":290,"column":2},"end":{"line":292,"column":3}},"80":{"start":{"line":291,"column":4},"end":{"line":291,"column":42}},"81":{"start":{"line":294,"column":2},"end":{"line":297,"column":3}},"82":{"start":{"line":295,"column":4},"end":{"line":296,"column":28}},"83":{"start":{"line":299,"column":2},"end":{"line":302,"column":3}},"84":{"start":{"line":300,"column":4},"end":{"line":301,"column":30}},"85":{"start":{"line":305,"column":4},"end":{"line":313,"column":6}},"86":{"start":{"line":315,"column":2},"end":{"line":315,"column":35}},"87":{"start":{"line":318,"column":22},"end":{"line":352,"column":1}},"88":{"start":{"line":322,"column":20},"end":{"line":322,"column":30}},"89":{"start":{"line":324,"column":2},"end":{"line":328,"column":3}},"90":{"start":{"line":325,"column":18},"end":{"line":325,"column":49}},"91":{"start":{"line":326,"column":4},"end":{"line":326,"column":27}},"92":{"start":{"line":327,"column":4},"end":{"line":327,"column":16}},"93":{"start":{"line":331,"column":4},"end":{"line":335,"column":6}},"94":{"start":{"line":337,"column":2},"end":{"line":341,"column":3}},"95":{"start":{"line":338,"column":18},"end":{"line":338,"column":48}},"96":{"start":{"line":339,"column":4},"end":{"line":339,"column":27}},"97":{"start":{"line":340,"column":4},"end":{"line":340,"column":16}},"98":{"start":{"line":343,"column":2},"end":{"line":347,"column":5}},"99":{"start":{"line":349,"column":2},"end":{"line":351,"column":4}}},"fnMap":{"0":{"name":"(anonymous_0)","decl":{"start":{"line":3,"column":25},"end":{"line":3,"column":26}},"loc":{"start":{"line":3,"column":38},"end":{"line":12,"column":1}},"line":3},"1":{"name":"(anonymous_1)","decl":{"start":{"line":14,"column":23},"end":{"line":14,"column":24}},"loc":{"start":{"line":24,"column":5},"end":{"line":113,"column":1}},"line":24},"2":{"name":"(anonymous_2)","decl":{"start":{"line":115,"column":23},"end":{"line":115,"column":24}},"loc":{"start":{"line":118,"column":5},"end":{"line":143,"column":1}},"line":118},"3":{"name":"(anonymous_3)","decl":{"start":{"line":145,"column":22},"end":{"line":145,"column":23}},"loc":{"start":{"line":155,"column":5},"end":{"line":201,"column":1}},"line":155},"4":{"name":"(anonymous_4)","decl":{"start":{"line":203,"column":22},"end":{"line":203,"column":23}},"loc":{"start":{"line":207,"column":5},"end":{"line":316,"column":1}},"line":207},"5":{"name":"(anonymous_5)","decl":{"start":{"line":318,"column":22},"end":{"line":318,"column":23}},"loc":{"start":{"line":321,"column":5},"end":{"line":352,"column":1}},"line":321}},"branchMap":{"0":{"loc":{"start":{"line":4,"column":2},"end":{"line":6,"column":3}},"type":"if","locations":[{"start":{"line":4,"column":2},"end":{"line":6,"column":3}},{"start":{},"end":{}}],"line":4},"1":{"loc":{"start":{"line":15,"column":2},"end":{"line":15,"column":19}},"type":"default-arg","locations":[{"start":{"line":15,"column":13},"end":{"line":15,"column":19}}],"line":15},"2":{"loc":{"start":{"line":16,"column":2},"end":{"line":23,"column":8}},"type":"default-arg","locations":[{"start":{"line":23,"column":6},"end":{"line":23,"column":8}}],"line":16},"3":{"loc":{"start":{"line":17,"column":4},"end":{"line":17,"column":15}},"type":"default-arg","locations":[{"start":{"line":17,"column":13},"end":{"line":17,"column":15}}],"line":17},"4":{"loc":{"start":{"line":19,"column":4},"end":{"line":19,"column":24}},"type":"default-arg","locations":[{"start":{"line":19,"column":13},"end":{"line":19,"column":24}}],"line":19},"5":{"loc":{"start":{"line":20,"column":4},"end":{"line":20,"column":22}},"type":"default-arg","locations":[{"start":{"line":20,"column":16},"end":{"line":20,"column":22}}],"line":20},"6":{"loc":{"start":{"line":21,"column":4},"end":{"line":21,"column":12}},"type":"default-arg","locations":[{"start":{"line":21,"column":11},"end":{"line":21,"column":12}}],"line":21},"7":{"loc":{"start":{"line":22,"column":4},"end":{"line":22,"column":14}},"type":"default-arg","locations":[{"start":{"line":22,"column":12},"end":{"line":22,"column":14}}],"line":22},"8":{"loc":{"start":{"line":25,"column":28},"end":{"line":25,"column":45}},"type":"binary-expr","locations":[{"start":{"line":25,"column":28},"end":{"line":25,"column":40}},{"start":{"line":25,"column":44},"end":{"line":25,"column":45}}],"line":25},"9":{"loc":{"start":{"line":27,"column":13},"end":{"line":27,"column":32}},"type":"binary-expr","locations":[{"start":{"line":27,"column":13},"end":{"line":27,"column":26}},{"start":{"line":27,"column":30},"end":{"line":27,"column":32}}],"line":27},"10":{"loc":{"start":{"line":40,"column":4},"end":{"line":40,"column":44}},"type":"binary-expr","locations":[{"start":{"line":40,"column":4},"end":{"line":40,"column":29}},{"start":{"line":40,"column":33},"end":{"line":40,"column":44}}],"line":40},"11":{"loc":{"start":{"line":43,"column":4},"end":{"line":43,"column":40}},"type":"cond-expr","locations":[{"start":{"line":43,"column":26},"end":{"line":43,"column":31}},{"start":{"line":43,"column":34},"end":{"line":43,"column":40}}],"line":43},"12":{"loc":{"start":{"line":47,"column":2},"end":{"line":62,"column":3}},"type":"if","locations":[{"start":{"line":47,"column":2},"end":{"line":62,"column":3}},{"start":{},"end":{}}],"line":47},"13":{"loc":{"start":{"line":47,"column":6},"end":{"line":47,"column":29}},"type":"binary-expr","locations":[{"start":{"line":47,"column":6},"end":{"line":47,"column":12}},{"start":{"line":47,"column":16},"end":{"line":47,"column":29}}],"line":47},"14":{"loc":{"start":{"line":64,"column":2},"end":{"line":77,"column":3}},"type":"if","locations":[{"start":{"line":64,"column":2},"end":{"line":77,"column":3}},{"start":{},"end":{}}],"line":64},"15":{"loc":{"start":{"line":64,"column":6},"end":{"line":64,"column":51}},"type":"binary-expr","locations":[{"start":{"line":64,"column":6},"end":{"line":64,"column":30}},{"start":{"line":64,"column":34},"end":{"line":64,"column":51}}],"line":64},"16":{"loc":{"start":{"line":67,"column":4},"end":{"line":74,"column":5}},"type":"if","locations":[{"start":{"line":67,"column":4},"end":{"line":74,"column":5}},{"start":{},"end":{}}],"line":67},"17":{"loc":{"start":{"line":98,"column":4},"end":{"line":100,"column":36}},"type":"cond-expr","locations":[{"start":{"line":99,"column":8},"end":{"line":99,"column":9}},{"start":{"line":100,"column":8},"end":{"line":100,"column":36}}],"line":98},"18":{"loc":{"start":{"line":117,"column":2},"end":{"line":117,"column":19}},"type":"default-arg","locations":[{"start":{"line":117,"column":13},"end":{"line":117,"column":19}}],"line":117},"19":{"loc":{"start":{"line":121,"column":2},"end":{"line":125,"column":3}},"type":"if","locations":[{"start":{"line":121,"column":2},"end":{"line":125,"column":3}},{"start":{},"end":{}}],"line":121},"20":{"loc":{"start":{"line":136,"column":2},"end":{"line":140,"column":3}},"type":"if","locations":[{"start":{"line":136,"column":2},"end":{"line":140,"column":3}},{"start":{},"end":{}}],"line":136},"21":{"loc":{"start":{"line":154,"column":2},"end":{"line":154,"column":19}},"type":"default-arg","locations":[{"start":{"line":154,"column":13},"end":{"line":154,"column":19}}],"line":154},"22":{"loc":{"start":{"line":166,"column":2},"end":{"line":170,"column":3}},"type":"if","locations":[{"start":{"line":166,"column":2},"end":{"line":170,"column":3}},{"start":{},"end":{}}],"line":166},"23":{"loc":{"start":{"line":179,"column":2},"end":{"line":183,"column":3}},"type":"if","locations":[{"start":{"line":179,"column":2},"end":{"line":183,"column":3}},{"start":{},"end":{}}],"line":179},"24":{"loc":{"start":{"line":189,"column":8},"end":{"line":189,"column":35}},"type":"binary-expr","locations":[{"start":{"line":189,"column":8},"end":{"line":189,"column":27}},{"start":{"line":189,"column":31},"end":{"line":189,"column":35}}],"line":189},"25":{"loc":{"start":{"line":191,"column":13},"end":{"line":191,"column":31}},"type":"binary-expr","locations":[{"start":{"line":191,"column":13},"end":{"line":191,"column":26}},{"start":{"line":191,"column":30},"end":{"line":191,"column":31}}],"line":191},"26":{"loc":{"start":{"line":192,"column":16},"end":{"line":192,"column":32}},"type":"binary-expr","locations":[{"start":{"line":192,"column":16},"end":{"line":192,"column":24}},{"start":{"line":192,"column":28},"end":{"line":192,"column":32}}],"line":192},"27":{"loc":{"start":{"line":206,"column":2},"end":{"line":206,"column":19}},"type":"default-arg","locations":[{"start":{"line":206,"column":13},"end":{"line":206,"column":19}}],"line":206},"28":{"loc":{"start":{"line":210,"column":2},"end":{"line":214,"column":3}},"type":"if","locations":[{"start":{"line":210,"column":2},"end":{"line":214,"column":3}},{"start":{},"end":{}}],"line":210},"29":{"loc":{"start":{"line":223,"column":2},"end":{"line":227,"column":3}},"type":"if","locations":[{"start":{"line":223,"column":2},"end":{"line":227,"column":3}},{"start":{},"end":{}}],"line":223},"30":{"loc":{"start":{"line":229,"column":2},"end":{"line":255,"column":3}},"type":"if","locations":[{"start":{"line":229,"column":2},"end":{"line":255,"column":3}},{"start":{},"end":{}}],"line":229},"31":{"loc":{"start":{"line":230,"column":4},"end":{"line":232,"column":40}},"type":"binary-expr","locations":[{"start":{"line":230,"column":4},"end":{"line":230,"column":13}},{"start":{"line":231,"column":4},"end":{"line":232,"column":40}}],"line":230},"32":{"loc":{"start":{"line":247,"column":4},"end":{"line":254,"column":5}},"type":"if","locations":[{"start":{"line":247,"column":4},"end":{"line":254,"column":5}},{"start":{},"end":{}}],"line":247},"33":{"loc":{"start":{"line":257,"column":2},"end":{"line":273,"column":3}},"type":"if","locations":[{"start":{"line":257,"column":2},"end":{"line":273,"column":3}},{"start":{},"end":{}}],"line":257},"34":{"loc":{"start":{"line":265,"column":4},"end":{"line":272,"column":5}},"type":"if","locations":[{"start":{"line":265,"column":4},"end":{"line":272,"column":5}},{"start":{},"end":{}}],"line":265},"35":{"loc":{"start":{"line":277,"column":2},"end":{"line":279,"column":3}},"type":"if","locations":[{"start":{"line":277,"column":2},"end":{"line":279,"column":3}},{"start":{},"end":{}}],"line":277},"36":{"loc":{"start":{"line":281,"column":2},"end":{"line":284,"column":3}},"type":"if","locations":[{"start":{"line":281,"column":2},"end":{"line":284,"column":3}},{"start":{},"end":{}}],"line":281},"37":{"loc":{"start":{"line":283,"column":6},"end":{"line":283,"column":38}},"type":"binary-expr","locations":[{"start":{"line":283,"column":6},"end":{"line":283,"column":30}},{"start":{"line":283,"column":34},"end":{"line":283,"column":38}}],"line":283},"38":{"loc":{"start":{"line":286,"column":2},"end":{"line":288,"column":3}},"type":"if","locations":[{"start":{"line":286,"column":2},"end":{"line":288,"column":3}},{"start":{},"end":{}}],"line":286},"39":{"loc":{"start":{"line":290,"column":2},"end":{"line":292,"column":3}},"type":"if","locations":[{"start":{"line":290,"column":2},"end":{"line":292,"column":3}},{"start":{},"end":{}}],"line":290},"40":{"loc":{"start":{"line":294,"column":2},"end":{"line":297,"column":3}},"type":"if","locations":[{"start":{"line":294,"column":2},"end":{"line":297,"column":3}},{"start":{},"end":{}}],"line":294},"41":{"loc":{"start":{"line":296,"column":6},"end":{"line":296,"column":27}},"type":"binary-expr","locations":[{"start":{"line":296,"column":6},"end":{"line":296,"column":19}},{"start":{"line":296,"column":23},"end":{"line":296,"column":27}}],"line":296},"42":{"loc":{"start":{"line":299,"column":2},"end":{"line":302,"column":3}},"type":"if","locations":[{"start":{"line":299,"column":2},"end":{"line":302,"column":3}},{"start":{},"end":{}}],"line":299},"43":{"loc":{"start":{"line":320,"column":2},"end":{"line":320,"column":19}},"type":"default-arg","locations":[{"start":{"line":320,"column":13},"end":{"line":320,"column":19}}],"line":320},"44":{"loc":{"start":{"line":324,"column":2},"end":{"line":328,"column":3}},"type":"if","locations":[{"start":{"line":324,"column":2},"end":{"line":328,"column":3}},{"start":{},"end":{}}],"line":324},"45":{"loc":{"start":{"line":337,"column":2},"end":{"line":341,"column":3}},"type":"if","locations":[{"start":{"line":337,"column":2},"end":{"line":341,"column":3}},{"start":{},"end":{}}],"line":337}},"s":{"0":5,"1":12,"2":0,"3":12,"4":5,"5":12,"6":12,"7":12,"8":12,"9":12,"10":12,"11":12,"12":12,"13":1,"14":12,"15":2,"16":2,"17":1,"18":1,"19":1,"20":1,"21":11,"22":11,"23":11,"24":5,"25":5,"26":5,"27":1,"28":1,"29":1,"30":4,"31":4,"32":2,"33":2,"34":2,"35":2,"36":5,"37":7,"38":7,"39":2,"40":2,"41":2,"42":5,"43":5,"44":2,"45":2,"46":2,"47":3,"48":3,"49":5,"50":8,"51":8,"52":1,"53":1,"54":1,"55":7,"56":7,"57":1,"58":1,"59":1,"60":6,"61":3,"62":3,"63":1,"64":1,"65":1,"66":5,"67":3,"68":3,"69":1,"70":1,"71":1,"72":4,"73":4,"74":3,"75":4,"76":2,"77":4,"78":4,"79":4,"80":2,"81":4,"82":2,"83":4,"84":2,"85":4,"86":4,"87":5,"88":4,"89":4,"90":1,"91":1,"92":1,"93":3,"94":3,"95":1,"96":1,"97":1,"98":2,"99":2},"f":{"0":12,"1":12,"2":5,"3":7,"4":8,"5":4},"b":{"0":[0,12],"1":[0],"2":[2],"3":[11],"4":[10],"5":[10],"6":[8],"7":[8],"8":[12,1],"9":[12,0],"10":[12,1],"11":[1,11],"12":[1,11],"13":[12,1],"14":[2,10],"15":[12,2],"16":[1,1],"17":[6,5],"18":[0],"19":[1,4],"20":[2,2],"21":[0],"22":[2,5],"23":[2,3],"24":[3,1],"25":[3,1],"26":[3,1],"27":[0],"28":[1,7],"29":[1,6],"30":[3,3],"31":[6,4],"32":[1,2],"33":[3,2],"34":[1,2],"35":[3,1],"36":[2,2],"37":[2,0],"38":[4,0],"39":[2,2],"40":[2,2],"41":[2,0],"42":[2,2],"43":[0],"44":[1,3],"45":[1,2]},"inputSourceMap":null,"_coverageSchema":"1a1c01bbd47fc00a2c39e90264f33305004495a9","hash":"9046dcb8abcf71d88e4fe107ef51ab8288a6e806"}
,"D:\\deci 5\\Full-Stack E-Commerce Platform\\backend\\src\\validators\\auth.validator.js": {"path":"D:\\deci 5\\Full-Stack E-Commerce Platform\\backend\\src\\validators\\auth.validator.js","statementMap":{"0":{"start":{"line":3,"column":30},"end":{"line":23,"column":2}},"1":{"start":{"line":25,"column":27},"end":{"line":36,"column":2}},"2":{"start":{"line":38,"column":35},"end":{"line":69,"column":4}}},"fnMap":{},"branchMap":{},"s":{"0":5,"1":5,"2":5},"f":{},"b":{},"inputSourceMap":null,"_coverageSchema":"1a1c01bbd47fc00a2c39e90264f33305004495a9","hash":"c33295314f144a1055e61584386484529af82910"}
,"D:\\deci 5\\Full-Stack E-Commerce Platform\\backend\\src\\validators\\category.validator.js": {"path":"D:\\deci 5\\Full-Stack E-Commerce Platform\\backend\\src\\validators\\category.validator.js","statementMap":{"0":{"start":{"line":3,"column":36},"end":{"line":6,"column":2}},"1":{"start":{"line":8,"column":36},"end":{"line":11,"column":2}}},"fnMap":{},"branchMap":{},"s":{"0":4,"1":4},"f":{},"b":{},"inputSourceMap":null,"_coverageSchema":"1a1c01bbd47fc00a2c39e90264f33305004495a9","hash":"6e768ec458bc61a38fde05ed2aa5de88681f05ae"}
,"D:\\deci 5\\Full-Stack E-Commerce Platform\\backend\\src\\validators\\order.validator.js": {"path":"D:\\deci 5\\Full-Stack E-Commerce Platform\\backend\\src\\validators\\order.validator.js","statementMap":{"0":{"start":{"line":3,"column":33},"end":{"line":25,"column":2}},"1":{"start":{"line":27,"column":39},"end":{"line":37,"column":2}}},"fnMap":{},"branchMap":{},"s":{"0":4,"1":4},"f":{},"b":{},"inputSourceMap":null,"_coverageSchema":"1a1c01bbd47fc00a2c39e90264f33305004495a9","hash":"f2f2db3fb3262b69787afd903e0453bf49e2657e"}
,"D:\\deci 5\\Full-Stack E-Commerce Platform\\backend\\src\\validators\\product.validator.js": {"path":"D:\\deci 5\\Full-Stack E-Commerce Platform\\backend\\src\\validators\\product.validator.js","statementMap":{"0":{"start":{"line":3,"column":35},"end":{"line":31,"column":2}},"1":{"start":{"line":33,"column":35},"end":{"line":61,"column":2}}},"fnMap":{},"branchMap":{},"s":{"0":4,"1":4},"f":{},"b":{},"inputSourceMap":null,"_coverageSchema":"1a1c01bbd47fc00a2c39e90264f33305004495a9","hash":"20b9e36f5526b12002bc7b6dbb05a6ec3122f793"}
}
