TN:
SF:src\app.js
FN:18,(anonymous_0)
FN:24,(anonymous_1)
FN:30,(anonymous_2)
FNF:3
FNH:1
FNDA:55,(anonymous_0)
FNDA:0,(anonymous_1)
FNDA:0,(anonymous_2)
DA:11,4
DA:13,4
DA:14,4
DA:17,4
DA:18,4
DA:19,55
DA:20,55
DA:24,4
DA:25,0
DA:30,4
DA:31,0
DA:38,4
DA:39,4
DA:40,4
DA:41,4
LF:15
LH:13
BRDA:17,0,0,4
BRDA:17,0,1,0
BRF:2
BRH:1
end_of_record
TN:
SF:src\config\prisma.js
FNF:0
FNH:0
DA:5,8
DA:9,8
LF:2
LH:2
BRF:0
BRH:0
end_of_record
TN:
SF:src\config\test-prisma.js
FNF:0
FNH:0
DA:5,10
DA:9,10
LF:2
LH:2
BRF:0
BRH:0
end_of_record
TN:
SF:src\controllers\auth.controller.js
FN:3,(anonymous_0)
FN:29,(anonymous_1)
FN:54,(anonymous_2)
FN:77,(anonymous_3)
FNF:4
FNH:3
FNDA:2,(anonymous_0)
FNDA:9,(anonymous_1)
FNDA:1,(anonymous_2)
FNDA:0,(anonymous_3)
DA:3,4
DA:4,2
DA:5,2
DA:7,2
DA:16,1
DA:21,1
DA:23,1
DA:29,4
DA:30,9
DA:31,9
DA:33,9
DA:41,7
DA:46,2
DA:48,2
DA:54,4
DA:55,1
DA:56,1
DA:61,1
DA:65,0
DA:70,0
DA:77,4
DA:78,0
DA:79,0
DA:85,0
DA:90,0
DA:95,0
LF:26
LH:19
BRDA:23,0,0,1
BRDA:23,0,1,0
BRDA:24,1,0,1
BRDA:24,1,1,0
BRDA:48,2,0,2
BRDA:48,2,1,0
BRDA:49,3,0,2
BRDA:49,3,1,0
BRDA:70,4,0,0
BRDA:70,4,1,0
BRDA:72,5,0,0
BRDA:72,5,1,0
BRDA:95,6,0,0
BRDA:95,6,1,0
BRDA:97,7,0,0
BRDA:97,7,1,0
BRF:16
BRH:4
end_of_record
TN:
SF:src\controllers\category.controller.js
FN:3,(anonymous_0)
FN:21,(anonymous_1)
FN:40,(anonymous_2)
FN:60,(anonymous_3)
FN:81,(anonymous_4)
FNF:5
FNH:5
FNDA:1,(anonymous_0)
FNDA:2,(anonymous_1)
FNDA:2,(anonymous_2)
FNDA:1,(anonymous_3)
FNDA:1,(anonymous_4)
DA:3,4
DA:4,1
DA:5,1
DA:9,1
DA:13,0
DA:15,0
DA:21,4
DA:22,2
DA:23,2
DA:28,1
DA:32,1
DA:34,1
DA:40,4
DA:41,2
DA:42,2
DA:47,1
DA:52,1
DA:54,1
DA:60,4
DA:61,1
DA:62,1
DA:68,1
DA:73,0
DA:75,0
DA:81,4
DA:82,1
DA:83,1
DA:88,1
DA:90,0
DA:92,0
LF:30
LH:24
BRDA:15,0,0,0
BRDA:15,0,1,0
BRDA:16,1,0,0
BRDA:16,1,1,0
BRDA:34,2,0,1
BRDA:34,2,1,0
BRDA:35,3,0,1
BRDA:35,3,1,0
BRDA:54,4,0,1
BRDA:54,4,1,0
BRDA:55,5,0,1
BRDA:55,5,1,0
BRDA:75,6,0,0
BRDA:75,6,1,0
BRDA:76,7,0,0
BRDA:76,7,1,0
BRDA:92,8,0,0
BRDA:92,8,1,0
BRDA:93,9,0,0
BRDA:93,9,1,0
BRF:20
BRH:4
end_of_record
TN:
SF:src\controllers\order.controller.js
FN:3,(anonymous_0)
FN:21,(anonymous_1)
FN:40,(anonymous_2)
FN:60,(anonymous_3)
FN:85,(anonymous_4)
FNF:5
FNH:5
FNDA:1,(anonymous_0)
FNDA:3,(anonymous_1)
FNDA:4,(anonymous_2)
FNDA:1,(anonymous_3)
FNDA:1,(anonymous_4)
DA:3,4
DA:4,1
DA:5,1
DA:9,1
DA:13,0
DA:15,0
DA:21,4
DA:22,3
DA:23,3
DA:28,1
DA:32,2
DA:34,2
DA:40,4
DA:41,4
DA:42,4
DA:47,1
DA:52,3
DA:54,3
DA:60,4
DA:61,1
DA:62,1
DA:68,1
DA:73,0
DA:78,0
DA:85,4
DA:86,1
DA:87,1
DA:92,1
DA:94,0
DA:96,0
LF:30
LH:24
BRDA:15,0,0,0
BRDA:15,0,1,0
BRDA:16,1,0,0
BRDA:16,1,1,0
BRDA:34,2,0,2
BRDA:34,2,1,0
BRDA:35,3,0,2
BRDA:35,3,1,0
BRDA:54,4,0,3
BRDA:54,4,1,0
BRDA:55,5,0,3
BRDA:55,5,1,0
BRDA:78,6,0,0
BRDA:78,6,1,0
BRDA:80,7,0,0
BRDA:80,7,1,0
BRDA:96,8,0,0
BRDA:96,8,1,0
BRDA:97,9,0,0
BRDA:97,9,1,0
BRF:20
BRH:4
end_of_record
TN:
SF:src\controllers\product.controller.js
FN:3,(anonymous_0)
FN:42,(anonymous_1)
FN:67,(anonymous_2)
FN:93,(anonymous_3)
FN:120,(anonymous_4)
FNF:5
FNH:5
FNDA:1,(anonymous_0)
FNDA:2,(anonymous_1)
FNDA:3,(anonymous_2)
FNDA:1,(anonymous_3)
FNDA:1,(anonymous_4)
DA:3,4
DA:4,1
DA:12,1
DA:15,1
DA:27,1
DA:29,0
DA:34,0
DA:42,4
DA:43,2
DA:45,2
DA:50,1
DA:54,1
DA:59,1
DA:67,4
DA:68,3
DA:70,3
DA:75,1
DA:80,2
DA:85,2
DA:93,4
DA:94,1
DA:96,1
DA:102,1
DA:107,0
DA:112,0
DA:120,4
DA:121,1
DA:123,1
DA:128,1
DA:130,0
DA:135,0
LF:31
LH:25
BRDA:34,0,0,0
BRDA:34,0,1,0
BRDA:36,1,0,0
BRDA:36,1,1,0
BRDA:59,2,0,1
BRDA:59,2,1,0
BRDA:61,3,0,1
BRDA:61,3,1,0
BRDA:85,4,0,2
BRDA:85,4,1,0
BRDA:87,5,0,2
BRDA:87,5,1,0
BRDA:112,6,0,0
BRDA:112,6,1,0
BRDA:114,7,0,0
BRDA:114,7,1,0
BRDA:135,8,0,0
BRDA:135,8,1,0
BRDA:137,9,0,0
BRDA:137,9,1,0
BRF:20
BRH:4
end_of_record
TN:
SF:src\middlewares\auth.middleware.js
FN:3,(anonymous_0)
FN:61,(anonymous_1)
FN:62,(anonymous_2)
FNF:3
FNH:3
FNDA:43,(anonymous_0)
FNDA:40,(anonymous_1)
FNDA:24,(anonymous_2)
DA:3,5
DA:4,43
DA:5,43
DA:7,43
DA:8,8
DA:13,35
DA:15,35
DA:16,1
DA:21,34
DA:22,1
DA:24,1
DA:29,33
DA:34,30
DA:36,30
DA:38,3
DA:39,1
DA:44,2
DA:45,2
DA:50,0
DA:55,0
DA:61,5
DA:62,40
DA:63,24
DA:64,1
DA:69,23
DA:70,7
DA:75,16
LF:27
LH:25
BRDA:7,0,0,8
BRDA:7,0,1,35
BRDA:15,1,0,1
BRDA:15,1,1,34
BRDA:15,2,0,35
BRDA:15,2,1,34
BRDA:21,3,0,1
BRDA:21,3,1,33
BRDA:38,4,0,1
BRDA:38,4,1,2
BRDA:44,5,0,2
BRDA:44,5,1,0
BRDA:63,6,0,1
BRDA:63,6,1,23
BRDA:69,7,0,7
BRDA:69,7,1,16
BRF:16
BRH:15
end_of_record
TN:
SF:src\middlewares\validate.middleware.js
FN:1,(anonymous_0)
FN:2,(anonymous_1)
FN:11,(anonymous_2)
FNF:3
FNH:3
FNDA:36,(anonymous_0)
FNDA:27,(anonymous_1)
FNDA:7,(anonymous_2)
DA:1,4
DA:2,36
DA:3,27
DA:8,27
DA:9,4
DA:11,7
DA:15,23
LF:7
LH:7
BRDA:8,0,0,4
BRDA:8,0,1,23
BRF:2
BRH:2
end_of_record
TN:
SF:src\routes\auth.routes.js
FNF:0
FNH:0
DA:20,4
DA:23,4
DA:30,4
DA:37,4
DA:44,4
LF:5
LH:5
BRF:0
BRH:0
end_of_record
TN:
SF:src\routes\category.routes.js
FNF:0
FNH:0
DA:22,4
DA:25,4
DA:30,4
DA:36,4
DA:44,4
DA:52,4
LF:6
LH:6
BRF:0
BRH:0
end_of_record
TN:
SF:src\routes\order.routes.js
FNF:0
FNH:0
DA:22,4
DA:40,4
DA:48,4
DA:55,4
DA:63,4
DA:72,4
LF:6
LH:6
BRF:0
BRH:0
end_of_record
TN:
SF:src\routes\product.routes.js
FNF:0
FNH:0
DA:22,4
DA:45,4
DA:51,4
DA:63,4
DA:72,4
DA:81,4
LF:6
LH:6
BRF:0
BRH:0
end_of_record
TN:
SF:src\services\auth.service.js
FN:6,(anonymous_0)
FN:16,(anonymous_1)
FN:24,(anonymous_2)
FN:62,(anonymous_3)
FN:109,(anonymous_4)
FN:135,(anonymous_5)
FNF:6
FNH:6
FNDA:9,(anonymous_0)
FNDA:8,(anonymous_1)
FNDA:4,(anonymous_2)
FNDA:13,(anonymous_3)
FNDA:3,(anonymous_4)
FNDA:6,(anonymous_5)
DA:6,5
DA:7,9
DA:8,1
DA:9,1
DA:10,1
DA:13,8
DA:16,8
DA:24,5
DA:28,4
DA:30,4
DA:36,4
DA:37,2
DA:38,2
DA:39,2
DA:42,2
DA:44,2
DA:59,2
DA:62,5
DA:66,13
DA:68,13
DA:74,13
DA:75,2
DA:76,2
DA:77,2
DA:80,11
DA:85,11
DA:86,2
DA:87,2
DA:88,2
DA:91,9
DA:103,8
DA:109,5
DA:113,3
DA:126,3
DA:127,1
DA:128,1
DA:129,1
DA:132,2
DA:135,5
DA:140,6
DA:146,6
DA:147,1
DA:148,1
DA:149,1
DA:152,5
DA:154,5
DA:155,2
DA:158,5
DA:159,3
DA:162,3
DA:168,3
DA:172,1
DA:175,1
DA:176,1
DA:179,2
DA:182,4
DA:183,2
DA:186,4
DA:200,4
LF:59
LH:59
BRDA:7,0,0,1
BRDA:7,0,1,8
BRDA:26,1,0,0
BRDA:36,2,0,2
BRDA:36,2,1,2
BRDA:64,3,0,0
BRDA:74,4,0,2
BRDA:74,4,1,11
BRDA:85,5,0,2
BRDA:85,5,1,9
BRDA:111,6,0,0
BRDA:126,7,0,1
BRDA:126,7,1,2
BRDA:138,8,0,0
BRDA:146,9,0,1
BRDA:146,9,1,5
BRDA:154,10,0,2
BRDA:154,10,1,3
BRDA:158,11,0,3
BRDA:158,11,1,2
BRDA:168,12,0,1
BRDA:168,12,1,2
BRDA:169,13,0,3
BRDA:169,13,1,1
BRDA:182,14,0,2
BRDA:182,14,1,2
BRF:26
BRH:22
end_of_record
TN:
SF:src\services\cart.service.js
FN:18,(anonymous_0)
FN:23,(anonymous_1)
FN:38,(anonymous_2)
FN:49,(anonymous_3)
FN:80,(anonymous_4)
FN:87,(anonymous_5)
FN:194,(anonymous_6)
FN:284,(anonymous_7)
FN:341,(anonymous_8)
FNF:9
FNH:6
FNDA:0,(anonymous_0)
FNDA:0,(anonymous_1)
FNDA:0,(anonymous_2)
FNDA:5,(anonymous_3)
FNDA:5,(anonymous_4)
FNDA:17,(anonymous_5)
FNDA:5,(anonymous_6)
FNDA:3,(anonymous_7)
FNDA:2,(anonymous_8)
DA:3,1
DA:18,1
DA:19,0
DA:20,0
DA:23,0
DA:24,0
DA:25,0
DA:27,0
DA:37,0
DA:38,0
DA:42,0
DA:49,1
DA:53,5
DA:55,5
DA:56,1
DA:57,1
DA:58,1
DA:61,4
DA:68,0
DA:69,0
DA:77,0
DA:80,1
DA:84,5
DA:87,1
DA:93,17
DA:94,17
DA:95,17
DA:97,17
DA:98,1
DA:99,1
DA:100,1
DA:103,16
DA:104,1
DA:105,1
DA:106,1
DA:109,15
DA:110,3
DA:113,3
DA:114,3
DA:117,12
DA:123,12
DA:124,1
DA:125,1
DA:126,1
DA:129,11
DA:130,1
DA:133,1
DA:134,1
DA:137,10
DA:143,0
DA:144,0
DA:152,0
DA:161,0
DA:163,0
DA:165,0
DA:166,0
DA:169,0
DA:170,0
DA:173,0
DA:182,0
DA:191,0
DA:194,1
DA:200,5
DA:201,5
DA:202,5
DA:204,5
DA:205,1
DA:206,1
DA:207,1
DA:210,4
DA:211,1
DA:212,1
DA:213,1
DA:216,3
DA:217,1
DA:220,1
DA:221,1
DA:224,2
DA:230,2
DA:231,1
DA:232,1
DA:233,1
DA:236,1
DA:237,0
DA:240,0
DA:241,0
DA:244,1
DA:250,0
DA:251,0
DA:252,0
DA:253,0
DA:257,0
DA:266,0
DA:267,0
DA:268,0
DA:269,0
DA:272,0
DA:281,0
DA:284,1
DA:289,3
DA:290,3
DA:292,3
DA:293,1
DA:294,1
DA:295,1
DA:298,2
DA:299,1
DA:300,1
DA:301,1
DA:304,1
DA:310,0
DA:311,0
DA:312,0
DA:313,0
DA:317,0
DA:326,0
DA:327,0
DA:328,0
DA:329,0
DA:332,0
DA:338,0
DA:341,1
DA:345,2
DA:347,2
DA:348,1
DA:349,1
DA:350,1
DA:353,1
DA:359,0
DA:360,0
DA:363,0
DA:369,0
LF:132
LH:79
BRDA:19,0,0,0
BRDA:19,0,1,0
BRDA:51,1,0,0
BRDA:55,2,0,1
BRDA:55,2,1,4
BRDA:68,3,0,0
BRDA:68,3,1,0
BRDA:82,4,0,5
BRDA:90,5,0,1
BRDA:91,6,0,17
BRDA:97,7,0,1
BRDA:97,7,1,16
BRDA:103,8,0,1
BRDA:103,8,1,15
BRDA:109,9,0,3
BRDA:109,9,1,12
BRDA:109,10,0,15
BRDA:109,10,1,14
BRDA:123,11,0,1
BRDA:123,11,1,11
BRDA:129,12,0,1
BRDA:129,12,1,10
BRDA:143,13,0,0
BRDA:143,13,1,0
BRDA:161,14,0,0
BRDA:161,14,1,0
BRDA:165,15,0,0
BRDA:165,15,1,0
BRDA:198,16,0,5
BRDA:204,17,0,1
BRDA:204,17,1,4
BRDA:210,18,0,1
BRDA:210,18,1,3
BRDA:216,19,0,1
BRDA:216,19,1,2
BRDA:216,20,0,3
BRDA:216,20,1,3
BRDA:230,21,0,1
BRDA:230,21,1,1
BRDA:236,22,0,0
BRDA:236,22,1,1
BRDA:250,23,0,0
BRDA:250,23,1,0
BRDA:266,24,0,0
BRDA:266,24,1,0
BRDA:287,25,0,3
BRDA:292,26,0,1
BRDA:292,26,1,2
BRDA:298,27,0,1
BRDA:298,27,1,1
BRDA:310,28,0,0
BRDA:310,28,1,0
BRDA:326,29,0,0
BRDA:326,29,1,0
BRDA:343,30,0,2
BRDA:347,31,0,1
BRDA:347,31,1,1
BRDA:359,32,0,0
BRDA:359,32,1,0
BRF:59
BRH:37
end_of_record
TN:
SF:src\services\category.service.js
FN:3,(anonymous_0)
FN:11,(anonymous_1)
FN:30,(anonymous_2)
FN:56,(anonymous_3)
FN:103,(anonymous_4)
FNF:5
FNH:5
FNDA:2,(anonymous_0)
FNDA:4,(anonymous_1)
FNDA:5,(anonymous_2)
FNDA:5,(anonymous_3)
FNDA:4,(anonymous_4)
DA:3,5
DA:4,2
DA:11,5
DA:12,4
DA:21,4
DA:22,2
DA:23,2
DA:24,2
DA:27,2
DA:30,5
DA:34,5
DA:36,5
DA:42,5
DA:43,2
DA:44,2
DA:45,2
DA:48,3
DA:56,5
DA:61,5
DA:63,5
DA:69,5
DA:70,1
DA:71,1
DA:72,1
DA:75,4
DA:77,4
DA:86,4
DA:87,1
DA:88,1
DA:89,1
DA:92,3
DA:103,5
DA:104,4
DA:106,4
DA:115,4
DA:116,1
DA:117,1
DA:118,1
DA:121,3
DA:122,1
DA:125,1
DA:126,1
DA:129,2
DA:135,2
LF:44
LH:44
BRDA:3,0,0,0
BRDA:11,1,0,0
BRDA:21,2,0,2
BRDA:21,2,1,2
BRDA:32,3,0,0
BRDA:42,4,0,2
BRDA:42,4,1,3
BRDA:51,5,0,3
BRDA:51,5,1,1
BRDA:59,6,0,0
BRDA:69,7,0,1
BRDA:69,7,1,4
BRDA:86,8,0,1
BRDA:86,8,1,3
BRDA:98,9,0,3
BRDA:98,9,1,1
BRDA:103,10,0,0
BRDA:115,11,0,1
BRDA:115,11,1,3
BRDA:121,12,0,1
BRDA:121,12,1,2
BRF:21
BRH:16
end_of_record
TN:
SF:src\services\order.service.js
FN:3,(anonymous_0)
FN:25,(anonymous_1)
FN:57,(anonymous_2)
FN:83,(anonymous_3)
FN:96,(anonymous_4)
FN:111,(anonymous_5)
FN:156,(anonymous_6)
FN:202,(anonymous_7)
FN:246,(anonymous_8)
FNF:9
FNH:9
FNDA:1,(anonymous_0)
FNDA:3,(anonymous_1)
FNDA:4,(anonymous_2)
FNDA:3,(anonymous_3)
FNDA:2,(anonymous_4)
FNDA:2,(anonymous_5)
FNDA:1,(anonymous_6)
FNDA:1,(anonymous_7)
FNDA:1,(anonymous_8)
DA:3,4
DA:4,1
DA:25,4
DA:26,3
DA:28,3
DA:48,3
DA:49,2
DA:50,2
DA:51,2
DA:54,1
DA:57,4
DA:61,4
DA:63,4
DA:69,4
DA:70,1
DA:71,1
DA:72,1
DA:75,3
DA:76,0
DA:79,0
DA:80,0
DA:83,3
DA:84,3
DA:87,3
DA:95,3
DA:96,2
DA:99,3
DA:100,3
DA:101,1
DA:104,1
DA:105,1
DA:109,2
DA:111,2
DA:112,2
DA:113,2
DA:115,2
DA:117,2
DA:118,0
DA:121,0
DA:122,0
DA:125,2
DA:129,0
DA:132,0
DA:133,0
DA:136,2
DA:137,1
DA:140,1
DA:141,1
DA:144,1
DA:146,1
DA:148,1
DA:155,1
DA:158,1
DA:182,1
DA:183,1
DA:195,1
DA:199,1
DA:202,4
DA:207,1
DA:210,1
DA:216,1
DA:217,0
DA:218,0
DA:219,0
DA:222,1
DA:246,4
DA:250,1
DA:253,1
DA:259,1
DA:260,0
DA:261,0
DA:262,0
DA:265,1
DA:271,1
LF:74
LH:59
BRDA:3,0,0,0
BRDA:25,1,0,0
BRDA:48,2,0,2
BRDA:48,2,1,1
BRDA:59,3,0,0
BRDA:69,4,0,1
BRDA:69,4,1,3
BRDA:75,5,0,0
BRDA:75,5,1,3
BRDA:75,6,0,3
BRDA:75,6,1,3
BRDA:100,7,0,1
BRDA:100,7,1,2
BRDA:117,8,0,0
BRDA:117,8,1,2
BRDA:125,9,0,0
BRDA:125,9,1,2
BRDA:126,10,0,2
BRDA:126,10,1,2
BRDA:136,11,0,1
BRDA:136,11,1,1
BRDA:205,12,0,0
BRDA:216,13,0,0
BRDA:216,13,1,1
BRDA:248,14,0,0
BRDA:259,15,0,0
BRDA:259,15,1,1
BRF:27
BRH:17
end_of_record
TN:
SF:src\services\product.service.js
FN:3,(anonymous_0)
FN:14,(anonymous_1)
FN:115,(anonymous_2)
FN:145,(anonymous_3)
FN:203,(anonymous_4)
FN:318,(anonymous_5)
FNF:6
FNH:6
FNDA:12,(anonymous_0)
FNDA:12,(anonymous_1)
FNDA:5,(anonymous_2)
FNDA:7,(anonymous_3)
FNDA:8,(anonymous_4)
FNDA:4,(anonymous_5)
DA:3,5
DA:4,12
DA:5,0
DA:8,12
DA:14,5
DA:25,12
DA:26,12
DA:31,12
DA:33,12
DA:40,12
DA:43,12
DA:45,12
DA:47,12
DA:48,1
DA:64,12
DA:65,2
DA:67,2
DA:68,1
DA:72,1
DA:73,1
DA:76,1
DA:79,11
DA:98,11
DA:102,11
DA:115,5
DA:119,5
DA:121,5
DA:122,1
DA:123,1
DA:124,1
DA:127,4
DA:136,4
DA:137,2
DA:138,2
DA:139,2
DA:142,2
DA:145,5
DA:157,7
DA:166,7
DA:167,2
DA:168,2
DA:169,2
DA:173,5
DA:179,5
DA:180,2
DA:181,2
DA:182,2
DA:185,3
DA:200,3
DA:203,5
DA:208,8
DA:210,8
DA:211,1
DA:212,1
DA:213,1
DA:217,7
DA:223,7
DA:224,1
DA:225,1
DA:226,1
DA:229,6
DA:235,3
DA:247,3
DA:248,1
DA:252,1
DA:253,1
DA:257,5
DA:259,3
DA:265,3
DA:266,1
DA:270,1
DA:271,1
DA:275,4
DA:277,4
DA:278,3
DA:281,4
DA:282,2
DA:286,4
DA:287,4
DA:290,4
DA:291,2
DA:294,4
DA:295,2
DA:299,4
DA:300,2
DA:305,4
DA:315,4
DA:318,5
DA:322,4
DA:324,4
DA:325,1
DA:326,1
DA:327,1
DA:331,3
DA:337,3
DA:338,1
DA:339,1
DA:340,1
DA:343,2
DA:349,2
LF:100
LH:99
BRDA:4,0,0,0
BRDA:4,0,1,12
BRDA:15,1,0,0
BRDA:16,2,0,2
BRDA:17,3,0,11
BRDA:19,4,0,10
BRDA:20,5,0,10
BRDA:21,6,0,8
BRDA:22,7,0,8
BRDA:25,8,0,12
BRDA:25,8,1,1
BRDA:27,9,0,12
BRDA:27,9,1,0
BRDA:40,10,0,12
BRDA:40,10,1,1
BRDA:43,11,0,1
BRDA:43,11,1,11
BRDA:47,12,0,1
BRDA:47,12,1,11
BRDA:47,13,0,12
BRDA:47,13,1,1
BRDA:64,14,0,2
BRDA:64,14,1,10
BRDA:64,15,0,12
BRDA:64,15,1,2
BRDA:67,16,0,1
BRDA:67,16,1,1
BRDA:98,17,0,6
BRDA:98,17,1,5
BRDA:117,18,0,0
BRDA:121,19,0,1
BRDA:121,19,1,4
BRDA:136,20,0,2
BRDA:136,20,1,2
BRDA:154,21,0,0
BRDA:166,22,0,2
BRDA:166,22,1,5
BRDA:179,23,0,2
BRDA:179,23,1,3
BRDA:189,24,0,3
BRDA:189,24,1,1
BRDA:191,25,0,3
BRDA:191,25,1,1
BRDA:192,26,0,3
BRDA:192,26,1,1
BRDA:206,27,0,0
BRDA:210,28,0,1
BRDA:210,28,1,7
BRDA:223,29,0,1
BRDA:223,29,1,6
BRDA:229,30,0,3
BRDA:229,30,1,3
BRDA:230,31,0,6
BRDA:230,31,1,4
BRDA:247,32,0,1
BRDA:247,32,1,2
BRDA:257,33,0,3
BRDA:257,33,1,2
BRDA:265,34,0,1
BRDA:265,34,1,2
BRDA:277,35,0,3
BRDA:277,35,1,1
BRDA:281,36,0,2
BRDA:281,36,1,2
BRDA:283,37,0,2
BRDA:283,37,1,0
BRDA:286,38,0,4
BRDA:286,38,1,0
BRDA:290,39,0,2
BRDA:290,39,1,2
BRDA:294,40,0,2
BRDA:294,40,1,2
BRDA:296,41,0,2
BRDA:296,41,1,0
BRDA:299,42,0,2
BRDA:299,42,1,2
BRDA:320,43,0,0
BRDA:324,44,0,1
BRDA:324,44,1,3
BRDA:337,45,0,1
BRDA:337,45,1,2
BRF:81
BRH:71
end_of_record
TN:
SF:src\validators\auth.validator.js
FNF:0
FNH:0
DA:3,5
DA:25,5
DA:38,5
LF:3
LH:3
BRF:0
BRH:0
end_of_record
TN:
SF:src\validators\category.validator.js
FNF:0
FNH:0
DA:3,4
DA:8,4
LF:2
LH:2
BRF:0
BRH:0
end_of_record
TN:
SF:src\validators\order.validator.js
FNF:0
FNH:0
DA:3,4
DA:27,4
LF:2
LH:2
BRF:0
BRH:0
end_of_record
TN:
SF:src\validators\product.validator.js
FNF:0
FNH:0
DA:3,4
DA:33,4
LF:2
LH:2
BRF:0
BRH:0
end_of_record
